Using pre-set license
Built from '2022.3/staging' branch; Version is '2022.3.17f1 (4fc78088f837) revision 5228416'; Using compiler version '192829333'; Build Type 'Release'
OS: 'Windows 10  (10.0.19045) 64bit Enterprise' Language: 'en' Physical Memory: 32467 MB
BatchMode: 1, IsHumanControllingUs: 0, StartBugReporterOnCrash: 0, Is64bit: 1, IsPro: 1

COMMAND LINE ARGUMENTS:
C:\Program Files\Unity\Hub\Editor\2022.3.17f1\Editor\Unity.exe
-adb2
-batchMode
-noUpm
-name
AssetImportWorker4
-projectPath
C:/Users/chenyufe/Documents/Rekordny_Github/CardGame
-logFile
Logs/AssetImportWorker4.log
-srvPort
65014
Successfully changed project path to: C:/Users/chenyufe/Documents/Rekordny_Github/CardGame
C:/Users/chenyufe/Documents/Rekordny_Github/CardGame
[UnityMemory] Configuration Parameters - Can be set up in boot.config
    "memorysetup-bucket-allocator-granularity=16"
    "memorysetup-bucket-allocator-bucket-count=8"
    "memorysetup-bucket-allocator-block-size=33554432"
    "memorysetup-bucket-allocator-block-count=8"
    "memorysetup-main-allocator-block-size=16777216"
    "memorysetup-thread-allocator-block-size=16777216"
    "memorysetup-gfx-main-allocator-block-size=16777216"
    "memorysetup-gfx-thread-allocator-block-size=16777216"
    "memorysetup-cache-allocator-block-size=4194304"
    "memorysetup-typetree-allocator-block-size=2097152"
    "memorysetup-profiler-bucket-allocator-granularity=16"
    "memorysetup-profiler-bucket-allocator-bucket-count=8"
    "memorysetup-profiler-bucket-allocator-block-size=33554432"
    "memorysetup-profiler-bucket-allocator-block-count=8"
    "memorysetup-profiler-allocator-block-size=16777216"
    "memorysetup-profiler-editor-allocator-block-size=1048576"
    "memorysetup-temp-allocator-size-main=16777216"
    "memorysetup-job-temp-allocator-block-size=2097152"
    "memorysetup-job-temp-allocator-block-size-background=1048576"
    "memorysetup-job-temp-allocator-reduction-small-platforms=262144"
    "memorysetup-allocator-temp-initial-block-size-main=262144"
    "memorysetup-allocator-temp-initial-block-size-worker=262144"
    "memorysetup-temp-allocator-size-background-worker=32768"
    "memorysetup-temp-allocator-size-job-worker=262144"
    "memorysetup-temp-allocator-size-preload-manager=33554432"
    "memorysetup-temp-allocator-size-nav-mesh-worker=65536"
    "memorysetup-temp-allocator-size-audio-worker=65536"
    "memorysetup-temp-allocator-size-cloud-worker=32768"
    "memorysetup-temp-allocator-size-gi-baking-worker=262144"
    "memorysetup-temp-allocator-size-gfx=262144"
Player connection [24440] Host "[IP] 142.55.42.89 [Port] 0 [Flags] 2 [Guid] 968772835 [EditorId] 968772835 [Version] 1048832 [Id] WindowsEditor(7,oa-s142-23) [Debug] 1 [PackageName] WindowsEditor [ProjectName] Editor" joined multi-casting on [225.0.0.222:54997]...

Player connection [24440] Host "[IP] 142.55.42.89 [Port] 0 [Flags] 2 [Guid] 968772835 [EditorId] 968772835 [Version] 1048832 [Id] WindowsEditor(7,oa-s142-23) [Debug] 1 [PackageName] WindowsEditor [ProjectName] Editor" joined alternative multi-casting on [225.0.0.222:34997]...

[Physics::Module] Initialized MultithreadedJobDispatcher with 23 workers.
Refreshing native plugins compatible for Editor in 20.07 ms, found 3 plugins.
Preloading 0 native plugins for Editor in 0.00 ms.
Initialize engine version: 2022.3.17f1 (4fc78088f837)
[Subsystems] Discovering subsystems at path C:/Program Files/Unity/Hub/Editor/2022.3.17f1/Editor/Data/Resources/UnitySubsystems
[Subsystems] Discovering subsystems at path C:/Users/chenyufe/Documents/Rekordny_Github/CardGame/Assets
GfxDevice: creating device client; threaded=0; jobified=0
Direct3D:
    Version:  Direct3D 11.0 [level 11.1]
    Renderer: NVIDIA GeForce GTX 1080 Ti (ID=0x1b06)
    Vendor:   NVIDIA
    VRAM:     11120 MB
    Driver:   31.0.15.3713
Initialize mono
Mono path[0] = 'C:/Program Files/Unity/Hub/Editor/2022.3.17f1/Editor/Data/Managed'
Mono path[1] = 'C:/Program Files/Unity/Hub/Editor/2022.3.17f1/Editor/Data/MonoBleedingEdge/lib/mono/unityjit-win32'
Mono config path = 'C:/Program Files/Unity/Hub/Editor/2022.3.17f1/Editor/Data/MonoBleedingEdge/etc'
Using monoOptions --debugger-agent=transport=dt_socket,embedding=1,server=y,suspend=n,address=127.0.0.1:56520
Begin MonoManager ReloadAssembly
Registering precompiled unity dll's ...
Register platform support module: C:/Program Files/Unity/Hub/Editor/2022.3.17f1/Editor/Data/PlaybackEngines/WindowsStandaloneSupport/UnityEditor.WindowsStandalone.Extensions.dll
Registered in 0.017677 seconds.
- Loaded All Assemblies, in  0.521 seconds
Native extension for WindowsStandalone target not found
Mono: successfully reloaded assembly
- Finished resetting the current domain, in  0.393 seconds
Domain Reload Profiling: 911ms
	BeginReloadAssembly (166ms)
		ExecutionOrderSort (0ms)
		DisableScriptedObjects (0ms)
		BackupInstance (0ms)
		ReleaseScriptingObjects (0ms)
		CreateAndSetChildDomain (1ms)
	RebuildCommonClasses (48ms)
	RebuildNativeTypeToScriptingClass (17ms)
	initialDomainReloadingComplete (94ms)
	LoadAllAssembliesAndSetupDomain (192ms)
		LoadAssemblies (163ms)
		RebuildTransferFunctionScriptingTraits (0ms)
		AnalyzeDomain (189ms)
			TypeCache.Refresh (188ms)
				TypeCache.ScanAssembly (168ms)
			ScanForSourceGeneratedMonoScriptInfo (1ms)
			ResolveRequiredComponents (1ms)
	FinalizeReload (394ms)
		ReleaseScriptCaches (0ms)
		RebuildScriptCaches (0ms)
		SetupLoadedEditorAssemblies (313ms)
			LogAssemblyErrors (0ms)
			InitializePlatformSupportModulesInManaged (14ms)
			SetLoadedEditorAssemblies (10ms)
			RefreshPlugins (0ms)
			BeforeProcessingInitializeOnLoad (3ms)
			ProcessInitializeOnLoadAttributes (210ms)
			ProcessInitializeOnLoadMethodAttributes (75ms)
			AfterProcessingInitializeOnLoad (0ms)
			EditorAssembliesLoaded (0ms)
		ExecutionOrderSort2 (0ms)
		AwakeInstancesAfterBackupRestoration (0ms)
========================================================================
Worker process is ready to serve import requests
Begin MonoManager ReloadAssembly
- Loaded All Assemblies, in  0.967 seconds
Refreshing native plugins compatible for Editor in 6.56 ms, found 3 plugins.
Native extension for WindowsStandalone target not found
Package Manager log level set to [2]
[Package Manager] Server::EnsureServerProcessIsRunning -- launch failed, reason: Unity was launched with the -noUpm command-line argument
[Package Manager] UpmClient::Send -- Unable to send message (not connected to UPM process).
[Package Manager] Cannot connect to Unity Package Manager local server
Mono: successfully reloaded assembly
- Finished resetting the current domain, in  0.877 seconds
Domain Reload Profiling: 1840ms
	BeginReloadAssembly (229ms)
		ExecutionOrderSort (0ms)
		DisableScriptedObjects (8ms)
		BackupInstance (0ms)
		ReleaseScriptingObjects (0ms)
		CreateAndSetChildDomain (31ms)
	RebuildCommonClasses (51ms)
	RebuildNativeTypeToScriptingClass (20ms)
	initialDomainReloadingComplete (66ms)
	LoadAllAssembliesAndSetupDomain (597ms)
		LoadAssemblies (458ms)
		RebuildTransferFunctionScriptingTraits (0ms)
		AnalyzeDomain (277ms)
			TypeCache.Refresh (248ms)
				TypeCache.ScanAssembly (225ms)
			ScanForSourceGeneratedMonoScriptInfo (22ms)
			ResolveRequiredComponents (6ms)
	FinalizeReload (878ms)
		ReleaseScriptCaches (0ms)
		RebuildScriptCaches (0ms)
		SetupLoadedEditorAssemblies (650ms)
			LogAssemblyErrors (0ms)
			InitializePlatformSupportModulesInManaged (9ms)
			SetLoadedEditorAssemblies (6ms)
			RefreshPlugins (0ms)
			BeforeProcessingInitializeOnLoad (99ms)
			ProcessInitializeOnLoadAttributes (492ms)
			ProcessInitializeOnLoadMethodAttributes (30ms)
			AfterProcessingInitializeOnLoad (13ms)
			EditorAssembliesLoaded (0ms)
		ExecutionOrderSort2 (0ms)
		AwakeInstancesAfterBackupRestoration (14ms)
Launched and connected shader compiler UnityShaderCompiler.exe after 0.11 seconds
Refreshing native plugins compatible for Editor in 8.08 ms, found 3 plugins.
Preloading 0 native plugins for Editor in 0.00 ms.
Unloading 3151 Unused Serialized files (Serialized files now loaded: 0)
Unloading 32 unused Assets / (56.9 KB). Loaded Objects now: 3613.
Memory consumption went from 128.1 MB to 128.1 MB.
Total: 4.454500 ms (FindLiveObjects: 0.370300 ms CreateObjectMapping: 0.199000 ms MarkObjects: 3.750400 ms  DeleteObjects: 0.133600 ms)

AssetImportParameters requested are different than current active one (requested -> active):
  custom:container-demuxer-ogg: 62fdf1f143b41e24485cea50d1cbac27 -> 
  custom:video-decoder-ogg-theora: a1e56fd34408186e4bbccfd4996cb3dc -> 
  custom:framework-win-MediaFoundation: 216162199b28c13a410421893ffa2e32 -> 
  custom:CustomObjectIndexerAttribute: 6d391050e5a25f67b0a2c618074f2cd9 -> 
  custom:container-demuxer-webm: 4f35f7cbe854078d1ac9338744f61a02 -> 
  custom:container-muxer-webm: aa71ff27fc2769a1b78a27578f13a17b -> 
  custom:video-decoder-webm-vp8: 9c59270c3fd7afecdb556c50c9e8de78 -> 
  custom:SearchIndexIgnoredProperties: e643bd26f0fe6173181afceb89e7c659 -> 
  custom:AudioImporter_EditorPlatform: d09bf68614088b80899f8185d706f6e7 -> 
  custom:video-encoder-webm-vp8: eb34c28f22e8b96e1ab97ce403110664 -> 
  custom:audio-decoder-ogg-vorbis: bf7c407c2cedff20999df2af8eb42d56 -> 
  custom:audio-encoder-webm-vorbis: bf7c407c2cedff20999df2af8eb42d56 -> 
========================================================================
Received Import Request.
  Time since last request: 174649.964427 seconds.
  path: Assets/Hero and Opponents/Sprites/Enemy1/walk-1.png
  artifactKey: Guid(1ff3bb5d141c2204ea7a71ac5fed23ad) Importer(815301076,1909f56bfc062723c751e8b465ee728b)
Start importing Assets/Hero and Opponents/Sprites/Enemy1/walk-1.png using Guid(1ff3bb5d141c2204ea7a71ac5fed23ad) Importer(815301076,1909f56bfc062723c751e8b465ee728b)  -> (artifact id: '5d34de5c7159cc3d8bf32db36bd20ca1') in 0.133974 seconds
Number of updated asset objects reloaded before import = 0
Number of asset objects unloaded after import = 3
========================================================================
Received Import Request.
  Time since last request: 7.278232 seconds.
  path: Assets/Hero and Opponents/Sprites
  artifactKey: Guid(2e64d8f37aea0384a975e1145368d947) Importer(815301076,1909f56bfc062723c751e8b465ee728b)
Start importing Assets/Hero and Opponents/Sprites using Guid(2e64d8f37aea0384a975e1145368d947) Importer(815301076,1909f56bfc062723c751e8b465ee728b)  -> (artifact id: '96b31289b4f873fcd2779ca28287231a') in 0.000734 seconds
Number of updated asset objects reloaded before import = 0
Number of asset objects unloaded after import = 0
========================================================================
Received Import Request.
  Time since last request: 34.510252 seconds.
  path: Assets/Scripts
  artifactKey: Guid(e928b309491252f42b845606b36710a0) Importer(815301076,1909f56bfc062723c751e8b465ee728b)
Start importing Assets/Scripts using Guid(e928b309491252f42b845606b36710a0) Importer(815301076,1909f56bfc062723c751e8b465ee728b)  -> (artifact id: '98be973376ec5b901f8a8db23399b8e2') in 0.000700 seconds
Number of updated asset objects reloaded before import = 0
Number of asset objects unloaded after import = 0
========================================================================
Received Import Request.
  Time since last request: 0.557509 seconds.
  path: Assets/Scenes
  artifactKey: Guid(0fd4b2b8c93abf342b1e1a28403f0658) Importer(815301076,1909f56bfc062723c751e8b465ee728b)
Start importing Assets/Scenes using Guid(0fd4b2b8c93abf342b1e1a28403f0658) Importer(815301076,1909f56bfc062723c751e8b465ee728b)  -> (artifact id: 'b98996582e033cae8ed59ac717e867a0') in 0.000735 seconds
Number of updated asset objects reloaded before import = 0
Number of asset objects unloaded after import = 0
========================================================================
Received Import Request.
  Time since last request: 1.134625 seconds.
  path: Assets/Scenes/SampleScene.unity
  artifactKey: Guid(9fc0d4010bbf28b4594072e72b8655ab) Importer(815301076,1909f56bfc062723c751e8b465ee728b)
Start importing Assets/Scenes/SampleScene.unity using Guid(9fc0d4010bbf28b4594072e72b8655ab) Importer(815301076,1909f56bfc062723c751e8b465ee728b)  -> (artifact id: '01f98d9773c53937a25584f6e98f0701') in 0.000654 seconds
Number of updated asset objects reloaded before import = 0
Number of asset objects unloaded after import = 0
========================================================================
Received Import Request.
  Time since last request: 0.702107 seconds.
  path: Assets/Scenes/SampleScene
  artifactKey: Guid(fcaf8ca54859ead4dbc2ae693a8318af) Importer(815301076,1909f56bfc062723c751e8b465ee728b)
Start importing Assets/Scenes/SampleScene using Guid(fcaf8ca54859ead4dbc2ae693a8318af) Importer(815301076,1909f56bfc062723c751e8b465ee728b)  -> (artifact id: '0041be66dce7cca662fb0e9ff0ed8136') in 0.000616 seconds
Number of updated asset objects reloaded before import = 0
Number of asset objects unloaded after import = 0
========================================================================
Received Import Request.
  Time since last request: 2.415305 seconds.
  path: Assets/Scenes/SampleScene/NavMesh-NavMesh Surface.asset
  artifactKey: Guid(b5141b1a31d327b4c92cbc2a50d96004) Importer(815301076,1909f56bfc062723c751e8b465ee728b)
Start importing Assets/Scenes/SampleScene/NavMesh-NavMesh Surface.asset using Guid(b5141b1a31d327b4c92cbc2a50d96004) Importer(815301076,1909f56bfc062723c751e8b465ee728b)  -> (artifact id: '83e3d59453d9492a3d944d656930a3f5') in 0.001775 seconds
Number of updated asset objects reloaded before import = 0
Number of asset objects unloaded after import = 1
========================================================================
Received Import Request.
  Time since last request: 242.331606 seconds.
  path: Assets/Prefabs/Card.prefab
  artifactKey: Guid(028f9c2c7bd85974c9a45043fe94837a) Importer(815301076,1909f56bfc062723c751e8b465ee728b)
Start importing Assets/Prefabs/Card.prefab using Guid(028f9c2c7bd85974c9a45043fe94837a) Importer(815301076,1909f56bfc062723c751e8b465ee728b)  -> (artifact id: '76a6fa15e6f9874e4d48ecabc059eb2c') in 0.067886 seconds
Number of updated asset objects reloaded before import = 0
Number of asset objects unloaded after import = 29
========================================================================
Received Import Request.
  Time since last request: 0.988221 seconds.
  path: Assets/Scenes/SampleScene.unity
  artifactKey: Guid(9fc0d4010bbf28b4594072e72b8655ab) Importer(815301076,1909f56bfc062723c751e8b465ee728b)
Start importing Assets/Scenes/SampleScene.unity using Guid(9fc0d4010bbf28b4594072e72b8655ab) Importer(815301076,1909f56bfc062723c751e8b465ee728b)  -> (artifact id: 'd3386b5e9ce04a4de8dc393e1d84d05b') in 0.000829 seconds
Number of updated asset objects reloaded before import = 0
Number of asset objects unloaded after import = 0
========================================================================
Received Import Request.
  Time since last request: 434.646191 seconds.
  path: Assets/Hero and Opponents/Sprites/Player
  artifactKey: Guid(75ca810d79817194d9ddcae88eb4460e) Importer(815301076,1909f56bfc062723c751e8b465ee728b)
Start importing Assets/Hero and Opponents/Sprites/Player using Guid(75ca810d79817194d9ddcae88eb4460e) Importer(815301076,1909f56bfc062723c751e8b465ee728b)  -> (artifact id: 'ff70785d65e775cd558894a0033d14e3') in 0.001061 seconds
Number of updated asset objects reloaded before import = 0
Number of asset objects unloaded after import = 0
========================================================================
Received Import Request.
  Time since last request: 0.074370 seconds.
  path: Assets/Hero and Opponents/Sprites/Player/walk-with-weapon-1.png
  artifactKey: Guid(2a25ca5ed66f7e54c8e97c7ce3315866) Importer(815301076,1909f56bfc062723c751e8b465ee728b)
Start importing Assets/Hero and Opponents/Sprites/Player/walk-with-weapon-1.png using Guid(2a25ca5ed66f7e54c8e97c7ce3315866) Importer(815301076,1909f56bfc062723c751e8b465ee728b)  -> (artifact id: '2f6d7a58fcfdd51f89a4e6b64e5b6102') in 0.025199 seconds
Number of updated asset objects reloaded before import = 0
Number of asset objects unloaded after import = 3
========================================================================
Received Import Request.
  Time since last request: 0.014308 seconds.
  path: Assets/Hero and Opponents/Sprites/Player/walk-with-weapon-4.png
  artifactKey: Guid(88b8a8e2c56d2ce41850d0d95fee3e00) Importer(815301076,1909f56bfc062723c751e8b465ee728b)
Start importing Assets/Hero and Opponents/Sprites/Player/walk-with-weapon-4.png using Guid(88b8a8e2c56d2ce41850d0d95fee3e00) Importer(815301076,1909f56bfc062723c751e8b465ee728b)  -> (artifact id: 'cfc986c4fe21ec0d4669570e27b280d2') in 0.025223 seconds
Number of updated asset objects reloaded before import = 0
Number of asset objects unloaded after import = 3
========================================================================
Received Import Request.
  Time since last request: 0.000025 seconds.
  path: Assets/Hero and Opponents/Sprites/Player/walk-with-weapon-11.png
  artifactKey: Guid(6b54e6c1b030f924ea6b6c2428036b07) Importer(815301076,1909f56bfc062723c751e8b465ee728b)
Start importing Assets/Hero and Opponents/Sprites/Player/walk-with-weapon-11.png using Guid(6b54e6c1b030f924ea6b6c2428036b07) Importer(815301076,1909f56bfc062723c751e8b465ee728b)  -> (artifact id: '2a133bf25724d3d3b1f30463c5e737b4') in 0.022856 seconds
Number of updated asset objects reloaded before import = 0
Number of asset objects unloaded after import = 3
========================================================================
Received Import Request.
  Time since last request: 0.000024 seconds.
  path: Assets/Hero and Opponents/Sprites/Player/walk-with-weapon-8.png
  artifactKey: Guid(7ef555a90bd480947946ac512b5cb5d7) Importer(815301076,1909f56bfc062723c751e8b465ee728b)
Start importing Assets/Hero and Opponents/Sprites/Player/walk-with-weapon-8.png using Guid(7ef555a90bd480947946ac512b5cb5d7) Importer(815301076,1909f56bfc062723c751e8b465ee728b)  -> (artifact id: 'c7db13191b24d6f9fe44177b7b1cebf0') in 0.021542 seconds
Number of updated asset objects reloaded before import = 0
Number of asset objects unloaded after import = 3
========================================================================
Received Import Request.
  Time since last request: 0.000032 seconds.
  path: Assets/Hero and Opponents/Sprites/Player/walk-with-weapon-9.png
  artifactKey: Guid(66dc4d1a395296e419ef441397056b88) Importer(815301076,1909f56bfc062723c751e8b465ee728b)
Start importing Assets/Hero and Opponents/Sprites/Player/walk-with-weapon-9.png using Guid(66dc4d1a395296e419ef441397056b88) Importer(815301076,1909f56bfc062723c751e8b465ee728b)  -> (artifact id: 'fb9bca48835c61f2c7bc9b0ce5565292') in 0.020890 seconds
Number of updated asset objects reloaded before import = 0
Number of asset objects unloaded after import = 3
========================================================================
Received Import Request.
  Time since last request: 0.000077 seconds.
  path: Assets/Hero and Opponents/Sprites/Player/walk-with-weapon-6.png
  artifactKey: Guid(edc98b22a0e5bd9438841ddd121b683b) Importer(815301076,1909f56bfc062723c751e8b465ee728b)
Start importing Assets/Hero and Opponents/Sprites/Player/walk-with-weapon-6.png using Guid(edc98b22a0e5bd9438841ddd121b683b) Importer(815301076,1909f56bfc062723c751e8b465ee728b)  -> (artifact id: 'ed6c1b0741a02bacdc341d2177605914') in 0.021037 seconds
Number of updated asset objects reloaded before import = 0
Number of asset objects unloaded after import = 3
========================================================================
Received Import Request.
  Time since last request: 1.339521 seconds.
  path: Assets/Hero and Opponents/Sprites/Player/ShieldBlock
  artifactKey: Guid(4b937f918a73faf489f3304dc3d3ef7a) Importer(815301076,1909f56bfc062723c751e8b465ee728b)
Start importing Assets/Hero and Opponents/Sprites/Player/ShieldBlock using Guid(4b937f918a73faf489f3304dc3d3ef7a) Importer(815301076,1909f56bfc062723c751e8b465ee728b)  -> (artifact id: 'a9a0adba827de5c05327ee80e0da44fb') in 0.000706 seconds
Number of updated asset objects reloaded before import = 0
Number of asset objects unloaded after import = 0
========================================================================
Received Import Request.
  Time since last request: 0.070607 seconds.
  path: Assets/Hero and Opponents/Sprites/Player/ShieldBlock/shield-block-activ-1.png
  artifactKey: Guid(4b73c30b0069a364d868db480d154f15) Importer(815301076,1909f56bfc062723c751e8b465ee728b)
Start importing Assets/Hero and Opponents/Sprites/Player/ShieldBlock/shield-block-activ-1.png using Guid(4b73c30b0069a364d868db480d154f15) Importer(815301076,1909f56bfc062723c751e8b465ee728b)  -> (artifact id: '1d5fbaac16c4bb45eb1c81b3b8a64f56') in 0.022844 seconds
Number of updated asset objects reloaded before import = 0
Number of asset objects unloaded after import = 3
========================================================================
Received Import Request.
  Time since last request: 0.000019 seconds.
  path: Assets/Hero and Opponents/Sprites/Player/ShieldBlock/shield-block-up-1.png
  artifactKey: Guid(694358f58ad6f1a4fa64018b1c782a82) Importer(815301076,1909f56bfc062723c751e8b465ee728b)
Start importing Assets/Hero and Opponents/Sprites/Player/ShieldBlock/shield-block-up-1.png using Guid(694358f58ad6f1a4fa64018b1c782a82) Importer(815301076,1909f56bfc062723c751e8b465ee728b)  -> (artifact id: 'a01ada2920cb4d2e402bc5b8a26fdad1') in 0.021034 seconds
Number of updated asset objects reloaded before import = 0
Number of asset objects unloaded after import = 3
========================================================================
Received Import Request.
  Time since last request: 0.000019 seconds.
  path: Assets/Hero and Opponents/Sprites/Player/ShieldBlock/shield-block-up-2.png
  artifactKey: Guid(2577f675978ad5948b0d8b5bdcc9abd0) Importer(815301076,1909f56bfc062723c751e8b465ee728b)
Start importing Assets/Hero and Opponents/Sprites/Player/ShieldBlock/shield-block-up-2.png using Guid(2577f675978ad5948b0d8b5bdcc9abd0) Importer(815301076,1909f56bfc062723c751e8b465ee728b)  -> (artifact id: 'd3b83888d48daa13e1ffa4c0cb83f0c7') in 0.021392 seconds
Number of updated asset objects reloaded before import = 0
Number of asset objects unloaded after import = 3
========================================================================
Received Import Request.
  Time since last request: 1.811500 seconds.
  path: Assets/Hero and Opponents/Sprites/Player/Run
  artifactKey: Guid(eb3fb12ab72cd9a4c8574eb0dbcfc4ed) Importer(815301076,1909f56bfc062723c751e8b465ee728b)
Start importing Assets/Hero and Opponents/Sprites/Player/Run using Guid(eb3fb12ab72cd9a4c8574eb0dbcfc4ed) Importer(815301076,1909f56bfc062723c751e8b465ee728b)  -> (artifact id: '004383c4ee9caffb4382c59692f6c404') in 0.000713 seconds
Number of updated asset objects reloaded before import = 0
Number of asset objects unloaded after import = 0
========================================================================
Received Import Request.
  Time since last request: 0.066801 seconds.
  path: Assets/Hero and Opponents/Sprites/Player/Run/run-1.png
  artifactKey: Guid(faad704dd1c20db4481dd81d1387ab82) Importer(815301076,1909f56bfc062723c751e8b465ee728b)
Start importing Assets/Hero and Opponents/Sprites/Player/Run/run-1.png using Guid(faad704dd1c20db4481dd81d1387ab82) Importer(815301076,1909f56bfc062723c751e8b465ee728b)  -> (artifact id: '46d8cc4ab6de0b7cbee003471cd6ff79') in 0.024073 seconds
Number of updated asset objects reloaded before import = 0
Number of asset objects unloaded after import = 3
========================================================================
Received Import Request.
  Time since last request: 0.000021 seconds.
  path: Assets/Hero and Opponents/Sprites/Player/Run/run-11.png
  artifactKey: Guid(9a1ee3cf8ae527445a243a604d1a8a75) Importer(815301076,1909f56bfc062723c751e8b465ee728b)
Start importing Assets/Hero and Opponents/Sprites/Player/Run/run-11.png using Guid(9a1ee3cf8ae527445a243a604d1a8a75) Importer(815301076,1909f56bfc062723c751e8b465ee728b)  -> (artifact id: 'd34fac7953d081688cbe2e5b3212d771') in 0.024297 seconds
Number of updated asset objects reloaded before import = 0
Number of asset objects unloaded after import = 3
========================================================================
Received Import Request.
  Time since last request: 0.000018 seconds.
  path: Assets/Hero and Opponents/Sprites/Player/Run/run-10.png
  artifactKey: Guid(7e543f34926844c4ba02aa63144cd539) Importer(815301076,1909f56bfc062723c751e8b465ee728b)
Start importing Assets/Hero and Opponents/Sprites/Player/Run/run-10.png using Guid(7e543f34926844c4ba02aa63144cd539) Importer(815301076,1909f56bfc062723c751e8b465ee728b)  -> (artifact id: '59bb2e6cff51b2ed5cfde70fadf4bd18') in 0.024538 seconds
Number of updated asset objects reloaded before import = 0
Number of asset objects unloaded after import = 3
========================================================================
Received Import Request.
  Time since last request: 0.000022 seconds.
  path: Assets/Hero and Opponents/Sprites/Player/Run/run-7.png
  artifactKey: Guid(3c3b5c48cc534724194e0d9487af6ab1) Importer(815301076,1909f56bfc062723c751e8b465ee728b)
Start importing Assets/Hero and Opponents/Sprites/Player/Run/run-7.png using Guid(3c3b5c48cc534724194e0d9487af6ab1) Importer(815301076,1909f56bfc062723c751e8b465ee728b)  -> (artifact id: '918711765334ed23b86ce193035da2a6') in 0.021530 seconds
Number of updated asset objects reloaded before import = 0
Number of asset objects unloaded after import = 3
========================================================================
Received Import Request.
  Time since last request: 0.000036 seconds.
  path: Assets/Hero and Opponents/Sprites/Player/Run/run-8.png
  artifactKey: Guid(a56d2e2b734653747a2e9caabbde728d) Importer(815301076,1909f56bfc062723c751e8b465ee728b)
Start importing Assets/Hero and Opponents/Sprites/Player/Run/run-8.png using Guid(a56d2e2b734653747a2e9caabbde728d) Importer(815301076,1909f56bfc062723c751e8b465ee728b)  -> (artifact id: 'aff39737a1755951f984b7ca4a43acb0') in 0.023935 seconds
Number of updated asset objects reloaded before import = 0
Number of asset objects unloaded after import = 3
========================================================================
Received Import Request.
  Time since last request: 0.000018 seconds.
  path: Assets/Hero and Opponents/Sprites/Player/Run/run-4.png
  artifactKey: Guid(73d8eabbba1c6bf4c9cae8b707cafaa3) Importer(815301076,1909f56bfc062723c751e8b465ee728b)
Start importing Assets/Hero and Opponents/Sprites/Player/Run/run-4.png using Guid(73d8eabbba1c6bf4c9cae8b707cafaa3) Importer(815301076,1909f56bfc062723c751e8b465ee728b)  -> (artifact id: 'f3f7b83f647b4c8a2b60caa6baf1fb49') in 0.024363 seconds
Number of updated asset objects reloaded before import = 0
Number of asset objects unloaded after import = 3
========================================================================
Received Import Request.
  Time since last request: 2.259057 seconds.
  path: Assets/Hero and Opponents/Sprites/Enemy3
  artifactKey: Guid(f7bd740c50633dc43a906bf2fc5e8c27) Importer(815301076,1909f56bfc062723c751e8b465ee728b)
Start importing Assets/Hero and Opponents/Sprites/Enemy3 using Guid(f7bd740c50633dc43a906bf2fc5e8c27) Importer(815301076,1909f56bfc062723c751e8b465ee728b)  -> (artifact id: 'ed3b722c0c4a4043705bd79b31a4c174') in 0.001049 seconds
Number of updated asset objects reloaded before import = 0
Number of asset objects unloaded after import = 0
========================================================================
Received Import Request.
  Time since last request: 0.053355 seconds.
  path: Assets/Hero and Opponents/Sprites/Enemy3/attack-A1.png
  artifactKey: Guid(265406c4eb5581249bb0f7999d03774c) Importer(815301076,1909f56bfc062723c751e8b465ee728b)
Start importing Assets/Hero and Opponents/Sprites/Enemy3/attack-A1.png using Guid(265406c4eb5581249bb0f7999d03774c) Importer(815301076,1909f56bfc062723c751e8b465ee728b)  -> (artifact id: 'd52db3bc826bc1456a3473ddff5625ef') in 0.020586 seconds
Number of updated asset objects reloaded before import = 0
Number of asset objects unloaded after import = 3
========================================================================
Received Import Request.
  Time since last request: 0.000020 seconds.
  path: Assets/Hero and Opponents/Sprites/Enemy3/attack-C1.png
  artifactKey: Guid(a30bc6eb198f2614e9a0b59208f6d94a) Importer(815301076,1909f56bfc062723c751e8b465ee728b)
Start importing Assets/Hero and Opponents/Sprites/Enemy3/attack-C1.png using Guid(a30bc6eb198f2614e9a0b59208f6d94a) Importer(815301076,1909f56bfc062723c751e8b465ee728b)  -> (artifact id: '2c0f006b366b1a00d5ca8dbecdb551fe') in 0.020821 seconds
Number of updated asset objects reloaded before import = 0
Number of asset objects unloaded after import = 3
========================================================================
Received Import Request.
  Time since last request: 0.000021 seconds.
  path: Assets/Hero and Opponents/Sprites/Enemy3/attack-B10.png
  artifactKey: Guid(b9cbfae5b22c9f74f869b56b802373bb) Importer(815301076,1909f56bfc062723c751e8b465ee728b)
Start importing Assets/Hero and Opponents/Sprites/Enemy3/attack-B10.png using Guid(b9cbfae5b22c9f74f869b56b802373bb) Importer(815301076,1909f56bfc062723c751e8b465ee728b)  -> (artifact id: '3504efa342ce5cbf1f19c05e0e7f3613') in 0.022250 seconds
Number of updated asset objects reloaded before import = 0
Number of asset objects unloaded after import = 3
========================================================================
Received Import Request.
  Time since last request: 0.000019 seconds.
  path: Assets/Hero and Opponents/Sprites/Enemy3/attack-B7.png
  artifactKey: Guid(ffed92ea82fa70e459618a2660cfe347) Importer(815301076,1909f56bfc062723c751e8b465ee728b)
Start importing Assets/Hero and Opponents/Sprites/Enemy3/attack-B7.png using Guid(ffed92ea82fa70e459618a2660cfe347) Importer(815301076,1909f56bfc062723c751e8b465ee728b)  -> (artifact id: 'a60128bd8facbf81b565a0d2e4224b7c') in 0.022777 seconds
Number of updated asset objects reloaded before import = 0
Number of asset objects unloaded after import = 3
========================================================================
Received Import Request.
  Time since last request: 0.000035 seconds.
  path: Assets/Hero and Opponents/Sprites/Enemy3/attack-B6.png
  artifactKey: Guid(7feca64fb194c4c44bb16cbdc5101ec1) Importer(815301076,1909f56bfc062723c751e8b465ee728b)
Start importing Assets/Hero and Opponents/Sprites/Enemy3/attack-B6.png using Guid(7feca64fb194c4c44bb16cbdc5101ec1) Importer(815301076,1909f56bfc062723c751e8b465ee728b)  -> (artifact id: '6138a6b2c941daaee82d9f5a706e4e40') in 0.023890 seconds
Number of updated asset objects reloaded before import = 0
Number of asset objects unloaded after import = 3
========================================================================
Received Import Request.
  Time since last request: 0.000031 seconds.
  path: Assets/Hero and Opponents/Sprites/Enemy3/dead-5.png
  artifactKey: Guid(62802fd32fecc9c4b8b1ea6f0902233c) Importer(815301076,1909f56bfc062723c751e8b465ee728b)
Start importing Assets/Hero and Opponents/Sprites/Enemy3/dead-5.png using Guid(62802fd32fecc9c4b8b1ea6f0902233c) Importer(815301076,1909f56bfc062723c751e8b465ee728b)  -> (artifact id: '30722b79fbb9466076ab993374bdf2c5') in 0.020669 seconds
Number of updated asset objects reloaded before import = 0
Number of asset objects unloaded after import = 3
========================================================================
Received Import Request.
  Time since last request: 0.000021 seconds.
  path: Assets/Hero and Opponents/Sprites/Enemy3/attack-C6.png
  artifactKey: Guid(7f9af0bdf6bed18488b5037877de5627) Importer(815301076,1909f56bfc062723c751e8b465ee728b)
Start importing Assets/Hero and Opponents/Sprites/Enemy3/attack-C6.png using Guid(7f9af0bdf6bed18488b5037877de5627) Importer(815301076,1909f56bfc062723c751e8b465ee728b)  -> (artifact id: '2946c2107821c4456e28be53628c1c0f') in 0.023965 seconds
Number of updated asset objects reloaded before import = 0
Number of asset objects unloaded after import = 3
========================================================================
Received Import Request.
  Time since last request: 0.000024 seconds.
  path: Assets/Hero and Opponents/Sprites/Enemy3/attack-C2.png
  artifactKey: Guid(e1f7fe1f93771b741b55924864dba2d3) Importer(815301076,1909f56bfc062723c751e8b465ee728b)
Start importing Assets/Hero and Opponents/Sprites/Enemy3/attack-C2.png using Guid(e1f7fe1f93771b741b55924864dba2d3) Importer(815301076,1909f56bfc062723c751e8b465ee728b)  -> (artifact id: '335b75b1646ea87953635975cd8b1685') in 0.020955 seconds
Number of updated asset objects reloaded before import = 0
Number of asset objects unloaded after import = 3
========================================================================
Received Import Request.
  Time since last request: 0.000020 seconds.
  path: Assets/Hero and Opponents/Sprites/Enemy3/attack-A8.png
  artifactKey: Guid(769c1d00bdf28e2418ee4cee4fa058d7) Importer(815301076,1909f56bfc062723c751e8b465ee728b)
Start importing Assets/Hero and Opponents/Sprites/Enemy3/attack-A8.png using Guid(769c1d00bdf28e2418ee4cee4fa058d7) Importer(815301076,1909f56bfc062723c751e8b465ee728b)  -> (artifact id: '61e654903a5752e05532eb913ee2f3d5') in 0.021422 seconds
Number of updated asset objects reloaded before import = 0
Number of asset objects unloaded after import = 3
========================================================================
Received Import Request.
  Time since last request: 0.000021 seconds.
  path: Assets/Hero and Opponents/Sprites/Enemy3/dead-1.png
  artifactKey: Guid(ef4a1cf7ec1c3ef44a0e7f57238afed7) Importer(815301076,1909f56bfc062723c751e8b465ee728b)
Start importing Assets/Hero and Opponents/Sprites/Enemy3/dead-1.png using Guid(ef4a1cf7ec1c3ef44a0e7f57238afed7) Importer(815301076,1909f56bfc062723c751e8b465ee728b)  -> (artifact id: '1a27ac8e11a9c4ca4ecd52737c3acdac') in 0.022175 seconds
Number of updated asset objects reloaded before import = 0
Number of asset objects unloaded after import = 3
Editor requested this worker to shutdown with reason: Scaling down because of idle timeout
TcpMessagingSession - receive error: operation aborted. errorcode: 995, details: The I/O operation has been aborted because of either a thread exit or an application request.
AssetImportWorker is now disconnected from the server
Process exiting
Exiting without the bug reporter. Application will terminate with return code 0