Using pre-set license
Built from '2022.3/staging' branch; Version is '2022.3.17f1 (4fc78088f837) revision 5228416'; Using compiler version '192829333'; Build Type 'Release'
OS: 'Windows 10  (10.0.19045) 64bit Enterprise' Language: 'en' Physical Memory: 32467 MB
BatchMode: 1, IsHumanControllingUs: 0, StartBugReporterOnCrash: 0, Is64bit: 1, IsPro: 1

COMMAND LINE ARGUMENTS:
C:\Program Files\Unity\Hub\Editor\2022.3.17f1\Editor\Unity.exe
-adb2
-batchMode
-noUpm
-name
AssetImportWorker3
-projectPath
C:/Users/chenyufe/Documents/Rekordny_Github/CardGame
-logFile
Logs/AssetImportWorker3.log
-srvPort
55688
Successfully changed project path to: C:/Users/chenyufe/Documents/Rekordny_Github/CardGame
C:/Users/chenyufe/Documents/Rekordny_Github/CardGame
[UnityMemory] Configuration Parameters - Can be set up in boot.config
    "memorysetup-bucket-allocator-granularity=16"
    "memorysetup-bucket-allocator-bucket-count=8"
    "memorysetup-bucket-allocator-block-size=33554432"
    "memorysetup-bucket-allocator-block-count=8"
    "memorysetup-main-allocator-block-size=16777216"
    "memorysetup-thread-allocator-block-size=16777216"
    "memorysetup-gfx-main-allocator-block-size=16777216"
    "memorysetup-gfx-thread-allocator-block-size=16777216"
    "memorysetup-cache-allocator-block-size=4194304"
    "memorysetup-typetree-allocator-block-size=2097152"
    "memorysetup-profiler-bucket-allocator-granularity=16"
    "memorysetup-profiler-bucket-allocator-bucket-count=8"
    "memorysetup-profiler-bucket-allocator-block-size=33554432"
    "memorysetup-profiler-bucket-allocator-block-count=8"
    "memorysetup-profiler-allocator-block-size=16777216"
    "memorysetup-profiler-editor-allocator-block-size=1048576"
    "memorysetup-temp-allocator-size-main=16777216"
    "memorysetup-job-temp-allocator-block-size=2097152"
    "memorysetup-job-temp-allocator-block-size-background=1048576"
    "memorysetup-job-temp-allocator-reduction-small-platforms=262144"
    "memorysetup-allocator-temp-initial-block-size-main=262144"
    "memorysetup-allocator-temp-initial-block-size-worker=262144"
    "memorysetup-temp-allocator-size-background-worker=32768"
    "memorysetup-temp-allocator-size-job-worker=262144"
    "memorysetup-temp-allocator-size-preload-manager=33554432"
    "memorysetup-temp-allocator-size-nav-mesh-worker=65536"
    "memorysetup-temp-allocator-size-audio-worker=65536"
    "memorysetup-temp-allocator-size-cloud-worker=32768"
    "memorysetup-temp-allocator-size-gi-baking-worker=262144"
    "memorysetup-temp-allocator-size-gfx=262144"
Player connection [24104] Host "[IP] 142.55.42.89 [Port] 0 [Flags] 2 [Guid] 3717801432 [EditorId] 3717801432 [Version] 1048832 [Id] WindowsEditor(7,oa-s142-23) [Debug] 1 [PackageName] WindowsEditor [ProjectName] Editor" joined multi-casting on [225.0.0.222:54997]...

Player connection [24104] Host "[IP] 142.55.42.89 [Port] 0 [Flags] 2 [Guid] 3717801432 [EditorId] 3717801432 [Version] 1048832 [Id] WindowsEditor(7,oa-s142-23) [Debug] 1 [PackageName] WindowsEditor [ProjectName] Editor" joined alternative multi-casting on [225.0.0.222:34997]...

[Physics::Module] Initialized MultithreadedJobDispatcher with 23 workers.
Refreshing native plugins compatible for Editor in 19.66 ms, found 3 plugins.
Preloading 0 native plugins for Editor in 0.00 ms.
Initialize engine version: 2022.3.17f1 (4fc78088f837)
[Subsystems] Discovering subsystems at path C:/Program Files/Unity/Hub/Editor/2022.3.17f1/Editor/Data/Resources/UnitySubsystems
[Subsystems] Discovering subsystems at path C:/Users/chenyufe/Documents/Rekordny_Github/CardGame/Assets
GfxDevice: creating device client; threaded=0; jobified=0
Direct3D:
    Version:  Direct3D 11.0 [level 11.1]
    Renderer: NVIDIA GeForce GTX 1080 Ti (ID=0x1b06)
    Vendor:   NVIDIA
    VRAM:     11120 MB
    Driver:   31.0.15.3713
Initialize mono
Mono path[0] = 'C:/Program Files/Unity/Hub/Editor/2022.3.17f1/Editor/Data/Managed'
Mono path[1] = 'C:/Program Files/Unity/Hub/Editor/2022.3.17f1/Editor/Data/MonoBleedingEdge/lib/mono/unityjit-win32'
Mono config path = 'C:/Program Files/Unity/Hub/Editor/2022.3.17f1/Editor/Data/MonoBleedingEdge/etc'
Using monoOptions --debugger-agent=transport=dt_socket,embedding=1,server=y,suspend=n,address=127.0.0.1:56520
Begin MonoManager ReloadAssembly
Registering precompiled unity dll's ...
Register platform support module: C:/Program Files/Unity/Hub/Editor/2022.3.17f1/Editor/Data/PlaybackEngines/WindowsStandaloneSupport/UnityEditor.WindowsStandalone.Extensions.dll
Registered in 0.015085 seconds.
- Loaded All Assemblies, in  0.550 seconds
Native extension for WindowsStandalone target not found
Mono: successfully reloaded assembly
- Finished resetting the current domain, in  0.397 seconds
Domain Reload Profiling: 944ms
	BeginReloadAssembly (169ms)
		ExecutionOrderSort (0ms)
		DisableScriptedObjects (0ms)
		BackupInstance (0ms)
		ReleaseScriptingObjects (0ms)
		CreateAndSetChildDomain (1ms)
	RebuildCommonClasses (50ms)
	RebuildNativeTypeToScriptingClass (21ms)
	initialDomainReloadingComplete (98ms)
	LoadAllAssembliesAndSetupDomain (208ms)
		LoadAssemblies (166ms)
		RebuildTransferFunctionScriptingTraits (0ms)
		AnalyzeDomain (205ms)
			TypeCache.Refresh (203ms)
				TypeCache.ScanAssembly (183ms)
			ScanForSourceGeneratedMonoScriptInfo (1ms)
			ResolveRequiredComponents (1ms)
	FinalizeReload (398ms)
		ReleaseScriptCaches (0ms)
		RebuildScriptCaches (0ms)
		SetupLoadedEditorAssemblies (316ms)
			LogAssemblyErrors (0ms)
			InitializePlatformSupportModulesInManaged (14ms)
			SetLoadedEditorAssemblies (10ms)
			RefreshPlugins (0ms)
			BeforeProcessingInitializeOnLoad (4ms)
			ProcessInitializeOnLoadAttributes (209ms)
			ProcessInitializeOnLoadMethodAttributes (78ms)
			AfterProcessingInitializeOnLoad (0ms)
			EditorAssembliesLoaded (0ms)
		ExecutionOrderSort2 (0ms)
		AwakeInstancesAfterBackupRestoration (0ms)
========================================================================
Worker process is ready to serve import requests
Begin MonoManager ReloadAssembly
- Loaded All Assemblies, in  1.059 seconds
Refreshing native plugins compatible for Editor in 8.88 ms, found 3 plugins.
Native extension for WindowsStandalone target not found
Package Manager log level set to [2]
[Package Manager] Server::EnsureServerProcessIsRunning -- launch failed, reason: Unity was launched with the -noUpm command-line argument
[Package Manager] UpmClient::Send -- Unable to send message (not connected to UPM process).
[Package Manager] Cannot connect to Unity Package Manager local server
Mono: successfully reloaded assembly
- Finished resetting the current domain, in  0.891 seconds
Domain Reload Profiling: 1946ms
	BeginReloadAssembly (248ms)
		ExecutionOrderSort (0ms)
		DisableScriptedObjects (10ms)
		BackupInstance (0ms)
		ReleaseScriptingObjects (0ms)
		CreateAndSetChildDomain (33ms)
	RebuildCommonClasses (60ms)
	RebuildNativeTypeToScriptingClass (16ms)
	initialDomainReloadingComplete (73ms)
	LoadAllAssembliesAndSetupDomain (657ms)
		LoadAssemblies (505ms)
		RebuildTransferFunctionScriptingTraits (0ms)
		AnalyzeDomain (296ms)
			TypeCache.Refresh (255ms)
				TypeCache.ScanAssembly (232ms)
			ScanForSourceGeneratedMonoScriptInfo (28ms)
			ResolveRequiredComponents (9ms)
	FinalizeReload (892ms)
		ReleaseScriptCaches (0ms)
		RebuildScriptCaches (0ms)
		SetupLoadedEditorAssemblies (659ms)
			LogAssemblyErrors (0ms)
			InitializePlatformSupportModulesInManaged (10ms)
			SetLoadedEditorAssemblies (6ms)
			RefreshPlugins (0ms)
			BeforeProcessingInitializeOnLoad (99ms)
			ProcessInitializeOnLoadAttributes (500ms)
			ProcessInitializeOnLoadMethodAttributes (30ms)
			AfterProcessingInitializeOnLoad (13ms)
			EditorAssembliesLoaded (0ms)
		ExecutionOrderSort2 (0ms)
		AwakeInstancesAfterBackupRestoration (15ms)
Launched and connected shader compiler UnityShaderCompiler.exe after 0.11 seconds
Refreshing native plugins compatible for Editor in 17.89 ms, found 3 plugins.
Preloading 0 native plugins for Editor in 0.00 ms.
Unloading 3688 Unused Serialized files (Serialized files now loaded: 0)
Unloading 34 unused Assets / (57.0 KB). Loaded Objects now: 4175.
Memory consumption went from 139.0 MB to 138.9 MB.
Total: 4.613600 ms (FindLiveObjects: 0.409700 ms CreateObjectMapping: 0.235000 ms MarkObjects: 3.827600 ms  DeleteObjects: 0.139900 ms)

AssetImportParameters requested are different than current active one (requested -> active):
  custom:container-demuxer-ogg: 62fdf1f143b41e24485cea50d1cbac27 -> 
  custom:video-decoder-ogg-theora: a1e56fd34408186e4bbccfd4996cb3dc -> 
  custom:framework-win-MediaFoundation: 216162199b28c13a410421893ffa2e32 -> 
  custom:CustomObjectIndexerAttribute: 6d391050e5a25f67b0a2c618074f2cd9 -> 
  custom:container-demuxer-webm: 4f35f7cbe854078d1ac9338744f61a02 -> 
  custom:container-muxer-webm: aa71ff27fc2769a1b78a27578f13a17b -> 
  custom:video-decoder-webm-vp8: 9c59270c3fd7afecdb556c50c9e8de78 -> 
  custom:SearchIndexIgnoredProperties: e643bd26f0fe6173181afceb89e7c659 -> 
  custom:AudioImporter_EditorPlatform: d09bf68614088b80899f8185d706f6e7 -> 
  custom:video-encoder-webm-vp8: eb34c28f22e8b96e1ab97ce403110664 -> 
  custom:audio-decoder-ogg-vorbis: bf7c407c2cedff20999df2af8eb42d56 -> 
  custom:audio-encoder-webm-vorbis: bf7c407c2cedff20999df2af8eb42d56 -> 
========================================================================
Received Import Request.
  Time since last request: 97531.780385 seconds.
  path: Assets/Warrior free set/Aniamtion/Idle.anim
  artifactKey: Guid(8b4bca35bb3e78b43ad321336761a756) Importer(2089858483,0ecaa5967403d082aa24f35e1b516d23)
Start importing Assets/Warrior free set/Aniamtion/Idle.anim using Guid(8b4bca35bb3e78b43ad321336761a756) Importer(2089858483,0ecaa5967403d082aa24f35e1b516d23) Generated GUIDs only implemented for interfaces!
 -> (artifact id: '5f0e177e9d491814d480792cfe752e3c') in 0.119381 seconds
Number of updated asset objects reloaded before import = 0
Number of asset objects unloaded after import = 1
========================================================================
Received Import Request.
  Time since last request: 0.000036 seconds.
  path: Assets/TextMesh Pro/Sprites/EmojiOne.png
  artifactKey: Guid(dffef66376be4fa480fb02b19edbe903) Importer(2089858483,0ecaa5967403d082aa24f35e1b516d23)
Start importing Assets/TextMesh Pro/Sprites/EmojiOne.png using Guid(dffef66376be4fa480fb02b19edbe903) Importer(2089858483,0ecaa5967403d082aa24f35e1b516d23) Generated GUIDs only implemented for interfaces!
 -> (artifact id: '9a4574e2934c773726b5e07fa1339882') in 0.091956 seconds
Number of updated asset objects reloaded before import = 0
Number of asset objects unloaded after import = 1
========================================================================
Received Import Request.
  Time since last request: 0.000023 seconds.
  path: Assets/Warrior free set/Aniamtion/Hurt.anim
  artifactKey: Guid(1d521053550d8d144afedd4351f60390) Importer(2089858483,0ecaa5967403d082aa24f35e1b516d23)
Start importing Assets/Warrior free set/Aniamtion/Hurt.anim using Guid(1d521053550d8d144afedd4351f60390) Importer(2089858483,0ecaa5967403d082aa24f35e1b516d23) Generated GUIDs only implemented for interfaces!
 -> (artifact id: '910012b5722af07814db0c8bc597e750') in 0.008410 seconds
Number of updated asset objects reloaded before import = 0
Number of asset objects unloaded after import = 1
========================================================================
Received Import Request.
  Time since last request: 0.000021 seconds.
  path: Assets/Warrior free set/Contact.txt
  artifactKey: Guid(1f4fcd95a0210e443b3a97d3632591b4) Importer(2089858483,0ecaa5967403d082aa24f35e1b516d23)
Start importing Assets/Warrior free set/Contact.txt using Guid(1f4fcd95a0210e443b3a97d3632591b4) Importer(2089858483,0ecaa5967403d082aa24f35e1b516d23) Generated GUIDs only implemented for interfaces!
 -> (artifact id: 'ecb5ae706c6d5278ab84603ba952cdf4') in 0.005967 seconds
Number of updated asset objects reloaded before import = 0
Number of asset objects unloaded after import = 1
========================================================================
Received Import Request.
  Time since last request: 0.000020 seconds.
  path: Assets/Prefabs/Card.prefab
  artifactKey: Guid(028f9c2c7bd85974c9a45043fe94837a) Importer(2089858483,0ecaa5967403d082aa24f35e1b516d23)
Start importing Assets/Prefabs/Card.prefab using Guid(028f9c2c7bd85974c9a45043fe94837a) Importer(2089858483,0ecaa5967403d082aa24f35e1b516d23) Generated GUIDs only implemented for interfaces!
 -> (artifact id: '14e4a4ff400d04d8ca1419a4cb43ad81') in 0.126859 seconds
Number of updated asset objects reloaded before import = 0
Number of asset objects unloaded after import = 29
========================================================================
Received Import Request.
  Time since last request: 0.000024 seconds.
  path: Assets/Gizmos/Behavior Designer Scene Icon.png
  artifactKey: Guid(5b5f458971c6fd5459c51a7b8079bc3b) Importer(2089858483,0ecaa5967403d082aa24f35e1b516d23)
Start importing Assets/Gizmos/Behavior Designer Scene Icon.png using Guid(5b5f458971c6fd5459c51a7b8079bc3b) Importer(2089858483,0ecaa5967403d082aa24f35e1b516d23) Generated GUIDs only implemented for interfaces!
 -> (artifact id: '4d1b0f873c2a01b5055d719b4c0a8615') in 0.047177 seconds
Number of updated asset objects reloaded before import = 0
Number of asset objects unloaded after import = 1
========================================================================
Received Import Request.
  Time since last request: 0.000032 seconds.
  path: Assets/Warrior free set/Aniamtion/Death NoEffect.anim
  artifactKey: Guid(0a0a51f3b63fc2b4794bb0f1e335dde1) Importer(2089858483,0ecaa5967403d082aa24f35e1b516d23)
Start importing Assets/Warrior free set/Aniamtion/Death NoEffect.anim using Guid(0a0a51f3b63fc2b4794bb0f1e335dde1) Importer(2089858483,0ecaa5967403d082aa24f35e1b516d23) Generated GUIDs only implemented for interfaces!
 -> (artifact id: 'b1eadeec255e4f44c10b9956086df3db') in 0.008977 seconds
Number of updated asset objects reloaded before import = 0
Number of asset objects unloaded after import = 1
========================================================================
Received Import Request.
  Time since last request: 0.000020 seconds.
  path: Assets/Behavior Designer/Editor/BehaviorDesigner.Editor.dll
  artifactKey: Guid(af72b091e5876924c9ab327b2d8de270) Importer(2089858483,0ecaa5967403d082aa24f35e1b516d23)
Start importing Assets/Behavior Designer/Editor/BehaviorDesigner.Editor.dll using Guid(af72b091e5876924c9ab327b2d8de270) Importer(2089858483,0ecaa5967403d082aa24f35e1b516d23) Generated GUIDs only implemented for interfaces!
 -> (artifact id: 'f17a867e188890cb1eba3f4f38bed8e5') in 0.052665 seconds
Number of updated asset objects reloaded before import = 0
Number of asset objects unloaded after import = 1
========================================================================
Received Import Request.
  Time since last request: 0.000020 seconds.
  path: Assets/Bringer Of Death/Animation/Bringer Of Death.controller
  artifactKey: Guid(ccee253ff083e9e45ac8d4d553de6318) Importer(2089858483,0ecaa5967403d082aa24f35e1b516d23)
Start importing Assets/Bringer Of Death/Animation/Bringer Of Death.controller using Guid(ccee253ff083e9e45ac8d4d553de6318) Importer(2089858483,0ecaa5967403d082aa24f35e1b516d23) Generated GUIDs only implemented for interfaces!
 -> (artifact id: '0de1afb8dc11beb72107698d85accc4c') in 0.016196 seconds
Number of updated asset objects reloaded before import = 0
Number of asset objects unloaded after import = 26
========================================================================
Received Import Request.
  Time since last request: 0.000018 seconds.
  path: Assets/Bringer Of Death/Animation/Walk.anim
  artifactKey: Guid(6e2b2983f31f23641887c85fa749226f) Importer(2089858483,0ecaa5967403d082aa24f35e1b516d23)
Start importing Assets/Bringer Of Death/Animation/Walk.anim using Guid(6e2b2983f31f23641887c85fa749226f) Importer(2089858483,0ecaa5967403d082aa24f35e1b516d23) Generated GUIDs only implemented for interfaces!
 -> (artifact id: '219b93d804803bb90b9d1aed36b71cdf') in 0.009974 seconds
Number of updated asset objects reloaded before import = 0
Number of asset objects unloaded after import = 1
========================================================================
Received Import Request.
  Time since last request: 0.000021 seconds.
  path: Assets/Warrior free set/Aniamtion/Slide.anim
  artifactKey: Guid(bd6167e0337245449a259e293568b4bc) Importer(2089858483,0ecaa5967403d082aa24f35e1b516d23)
Start importing Assets/Warrior free set/Aniamtion/Slide.anim using Guid(bd6167e0337245449a259e293568b4bc) Importer(2089858483,0ecaa5967403d082aa24f35e1b516d23) Generated GUIDs only implemented for interfaces!
 -> (artifact id: '44cc5ab653463c3d34fb4bfd0ece6935') in 0.010794 seconds
Number of updated asset objects reloaded before import = 0
Number of asset objects unloaded after import = 1
========================================================================
Received Import Request.
  Time since last request: 0.000018 seconds.
  path: Assets/Bringer Of Death/Animation/Death.anim
  artifactKey: Guid(fa6cbcce651d50049bf64294d06aefe2) Importer(2089858483,0ecaa5967403d082aa24f35e1b516d23)
Start importing Assets/Bringer Of Death/Animation/Death.anim using Guid(fa6cbcce651d50049bf64294d06aefe2) Importer(2089858483,0ecaa5967403d082aa24f35e1b516d23) Generated GUIDs only implemented for interfaces!
 -> (artifact id: '1cadbb52e8301cdcf4165e4b923ab20c') in 0.008533 seconds
Number of updated asset objects reloaded before import = 0
Number of asset objects unloaded after import = 1
========================================================================
Received Import Request.
  Time since last request: 0.000018 seconds.
  path: Assets/Warrior free set/Aniamtion/Dash-Attack NoDust.anim
  artifactKey: Guid(0c7066d4537dfda4ca3d399157b665a7) Importer(2089858483,0ecaa5967403d082aa24f35e1b516d23)
Start importing Assets/Warrior free set/Aniamtion/Dash-Attack NoDust.anim using Guid(0c7066d4537dfda4ca3d399157b665a7) Importer(2089858483,0ecaa5967403d082aa24f35e1b516d23) Generated GUIDs only implemented for interfaces!
 -> (artifact id: '163a109bf9fd692296327b52d1b16f29') in 0.010887 seconds
Number of updated asset objects reloaded before import = 0
Number of asset objects unloaded after import = 1
========================================================================
Received Import Request.
  Time since last request: 0.000019 seconds.
  path: Assets/Bringer Of Death/Animation/Hurt.anim
  artifactKey: Guid(1192ecea3d3a5994ead9ced2fbd0726b) Importer(2089858483,0ecaa5967403d082aa24f35e1b516d23)
Start importing Assets/Bringer Of Death/Animation/Hurt.anim using Guid(1192ecea3d3a5994ead9ced2fbd0726b) Importer(2089858483,0ecaa5967403d082aa24f35e1b516d23) Generated GUIDs only implemented for interfaces!
 -> (artifact id: 'fa49d0faef122ddc6d0b776e19708a6b') in 0.008298 seconds
Number of updated asset objects reloaded before import = 0
Number of asset objects unloaded after import = 1
========================================================================
Received Import Request.
  Time since last request: 0.000018 seconds.
  path: Assets/TextMesh Pro/Fonts/LiberationSans - OFL.txt
  artifactKey: Guid(6e59c59b81ab47f9b6ec5781fa725d2c) Importer(2089858483,0ecaa5967403d082aa24f35e1b516d23)
Start importing Assets/TextMesh Pro/Fonts/LiberationSans - OFL.txt using Guid(6e59c59b81ab47f9b6ec5781fa725d2c) Importer(2089858483,0ecaa5967403d082aa24f35e1b516d23) Generated GUIDs only implemented for interfaces!
 -> (artifact id: '7aec4f71a752ce8e25950f23b76e85ea') in 0.007030 seconds
Number of updated asset objects reloaded before import = 0
Number of asset objects unloaded after import = 1
========================================================================
Received Import Request.
  Time since last request: 0.000022 seconds.
  path: Assets/Warrior free set/Aniamtion/Edge-Idle.anim
  artifactKey: Guid(11ba2ffc119f44a4db87278fdd17e1c2) Importer(2089858483,0ecaa5967403d082aa24f35e1b516d23)
Start importing Assets/Warrior free set/Aniamtion/Edge-Idle.anim using Guid(11ba2ffc119f44a4db87278fdd17e1c2) Importer(2089858483,0ecaa5967403d082aa24f35e1b516d23) Generated GUIDs only implemented for interfaces!
 -> (artifact id: 'ad24be50efcc62312e968959cbd3a6b6') in 0.010735 seconds
Number of updated asset objects reloaded before import = 0
Number of asset objects unloaded after import = 1
========================================================================
Received Import Request.
  Time since last request: 0.000018 seconds.
  path: Assets/Warrior free set/Aniamtion/Run.anim
  artifactKey: Guid(aa852921ab2da0f4aaee7788209e4ca4) Importer(2089858483,0ecaa5967403d082aa24f35e1b516d23)
Start importing Assets/Warrior free set/Aniamtion/Run.anim using Guid(aa852921ab2da0f4aaee7788209e4ca4) Importer(2089858483,0ecaa5967403d082aa24f35e1b516d23) Generated GUIDs only implemented for interfaces!
 -> (artifact id: '37870b662030f6c3c405a31775c0182a') in 0.009201 seconds
Number of updated asset objects reloaded before import = 0
Number of asset objects unloaded after import = 1
========================================================================
Received Import Request.
  Time since last request: 0.000018 seconds.
  path: Assets/Behavior Designer/Runtime/Object Drawers/IntSliderAttribute.cs
  artifactKey: Guid(2373bfe29d0e5bc47b88a46226aa6a61) Importer(2089858483,0ecaa5967403d082aa24f35e1b516d23)
Start importing Assets/Behavior Designer/Runtime/Object Drawers/IntSliderAttribute.cs using Guid(2373bfe29d0e5bc47b88a46226aa6a61) Importer(2089858483,0ecaa5967403d082aa24f35e1b516d23) Generated GUIDs only implemented for interfaces!
 -> (artifact id: '498e11deecb9bc30da8f520b5c83d636') in 0.006797 seconds
Number of updated asset objects reloaded before import = 0
Number of asset objects unloaded after import = 1
========================================================================
Received Import Request.
  Time since last request: 0.133545 seconds.
  path: Assets/Behavior Designer/Runtime/Variables/SharedMaterial.cs
  artifactKey: Guid(2e84514e0f685a64795ecdb776888407) Importer(2089858483,0ecaa5967403d082aa24f35e1b516d23)
Start importing Assets/Behavior Designer/Runtime/Variables/SharedMaterial.cs using Guid(2e84514e0f685a64795ecdb776888407) Importer(2089858483,0ecaa5967403d082aa24f35e1b516d23) Generated GUIDs only implemented for interfaces!
 -> (artifact id: '382a982cbd3e24842cca8b6c9c2c542b') in 0.006948 seconds
Number of updated asset objects reloaded before import = 0
Number of asset objects unloaded after import = 1
========================================================================
Received Import Request.
  Time since last request: 0.000019 seconds.
  path: Assets/TextMesh Pro/Resources/Fonts & Materials/LiberationSans SDF - Drop Shadow.mat
  artifactKey: Guid(e73a58f6e2794ae7b1b7e50b7fb811b0) Importer(2089858483,0ecaa5967403d082aa24f35e1b516d23)
Start importing Assets/TextMesh Pro/Resources/Fonts & Materials/LiberationSans SDF - Drop Shadow.mat using Guid(e73a58f6e2794ae7b1b7e50b7fb811b0) Importer(2089858483,0ecaa5967403d082aa24f35e1b516d23) Generated GUIDs only implemented for interfaces!
 -> (artifact id: '9fb920eb5571589118864fdd1fdf5494') in 0.062551 seconds
Number of updated asset objects reloaded before import = 0
Number of asset objects unloaded after import = 2
========================================================================
Received Import Request.
  Time since last request: 0.000019 seconds.
  path: Assets/Behavior Designer/Runtime/Tasks/Unity/Animation/CrossFadeQueued.cs
  artifactKey: Guid(c1cc2a160ee1978488696564200b3c25) Importer(2089858483,0ecaa5967403d082aa24f35e1b516d23)
Start importing Assets/Behavior Designer/Runtime/Tasks/Unity/Animation/CrossFadeQueued.cs using Guid(c1cc2a160ee1978488696564200b3c25) Importer(2089858483,0ecaa5967403d082aa24f35e1b516d23) Generated GUIDs only implemented for interfaces!
 -> (artifact id: '221a05137251a509cc12de49ba9c182d') in 0.008067 seconds
Number of updated asset objects reloaded before import = 0
Number of asset objects unloaded after import = 1
========================================================================
Received Import Request.
  Time since last request: 0.000020 seconds.
  path: Assets/Behavior Designer/Runtime/Tasks/Decorators/UntilFailure.cs
  artifactKey: Guid(934b87f8f563272469cd9a9b14046ae7) Importer(2089858483,0ecaa5967403d082aa24f35e1b516d23)
Start importing Assets/Behavior Designer/Runtime/Tasks/Decorators/UntilFailure.cs using Guid(934b87f8f563272469cd9a9b14046ae7) Importer(2089858483,0ecaa5967403d082aa24f35e1b516d23) Generated GUIDs only implemented for interfaces!
 -> (artifact id: '27e329d222492dabfc9050d28d604bdf') in 0.008263 seconds
Number of updated asset objects reloaded before import = 0
Number of asset objects unloaded after import = 1
========================================================================
Received Import Request.
  Time since last request: 0.000019 seconds.
  path: Assets/Texture_Me/Grass Forest Twilight - Free 'Texture A' (Hand-Painted)/Textures/README.txt
  artifactKey: Guid(0877167140f95b9408029c32989b1eda) Importer(2089858483,0ecaa5967403d082aa24f35e1b516d23)
Start importing Assets/Texture_Me/Grass Forest Twilight - Free 'Texture A' (Hand-Painted)/Textures/README.txt using Guid(0877167140f95b9408029c32989b1eda) Importer(2089858483,0ecaa5967403d082aa24f35e1b516d23) Generated GUIDs only implemented for interfaces!
 -> (artifact id: '6d92c0d55ec75d3cbf9e354ff5a6d076') in 0.006170 seconds
Number of updated asset objects reloaded before import = 0
Number of asset objects unloaded after import = 1
========================================================================
Received Import Request.
  Time since last request: 0.000020 seconds.
  path: Assets/Behavior Designer/Runtime/Tasks/Unity/Animation/GetAnimatePhysics.cs
  artifactKey: Guid(b5bd2b0ed07f42142934568bd6813619) Importer(2089858483,0ecaa5967403d082aa24f35e1b516d23)
Start importing Assets/Behavior Designer/Runtime/Tasks/Unity/Animation/GetAnimatePhysics.cs using Guid(b5bd2b0ed07f42142934568bd6813619) Importer(2089858483,0ecaa5967403d082aa24f35e1b516d23) Generated GUIDs only implemented for interfaces!
 -> (artifact id: '5866f0e73b86d94dfc08d2ddb3083dd8') in 0.006916 seconds
Number of updated asset objects reloaded before import = 0
Number of asset objects unloaded after import = 1
========================================================================
Received Import Request.
  Time since last request: 0.000018 seconds.
  path: Assets/Behavior Designer/Runtime/Tasks/Unity/Animation/Stop.cs
  artifactKey: Guid(c3dca423f03e936449fdb622cac3f430) Importer(2089858483,0ecaa5967403d082aa24f35e1b516d23)
Start importing Assets/Behavior Designer/Runtime/Tasks/Unity/Animation/Stop.cs using Guid(c3dca423f03e936449fdb622cac3f430) Importer(2089858483,0ecaa5967403d082aa24f35e1b516d23) Generated GUIDs only implemented for interfaces!
 -> (artifact id: 'aada3b3c26d6d11423199b4118aade9b') in 0.009111 seconds
Number of updated asset objects reloaded before import = 0
Number of asset objects unloaded after import = 1
========================================================================
Received Import Request.
  Time since last request: 0.000022 seconds.
  path: Assets/Behavior Designer/Runtime/Tasks/Conditionals/Reflection/ComparePropertyValue.cs
  artifactKey: Guid(f8b0fa403f826a74087ece4b81fec1c7) Importer(2089858483,0ecaa5967403d082aa24f35e1b516d23)
Start importing Assets/Behavior Designer/Runtime/Tasks/Conditionals/Reflection/ComparePropertyValue.cs using Guid(f8b0fa403f826a74087ece4b81fec1c7) Importer(2089858483,0ecaa5967403d082aa24f35e1b516d23) Generated GUIDs only implemented for interfaces!
 -> (artifact id: '8148472f5cd06cda6e09c220be8f08b3') in 0.007074 seconds
Number of updated asset objects reloaded before import = 0
Number of asset objects unloaded after import = 1
========================================================================
Received Import Request.
  Time since last request: 0.000093 seconds.
  path: Assets/Behavior Designer/Runtime/Tasks/Actions/StackedAction.cs
  artifactKey: Guid(60f3f340bd02a8a4c84749a903c731da) Importer(2089858483,0ecaa5967403d082aa24f35e1b516d23)
Start importing Assets/Behavior Designer/Runtime/Tasks/Actions/StackedAction.cs using Guid(60f3f340bd02a8a4c84749a903c731da) Importer(2089858483,0ecaa5967403d082aa24f35e1b516d23) Generated GUIDs only implemented for interfaces!
 -> (artifact id: 'c04749996371f634c89acf59064edd33') in 0.008946 seconds
Number of updated asset objects reloaded before import = 0
Number of asset objects unloaded after import = 1
========================================================================
Received Import Request.
  Time since last request: 0.000019 seconds.
  path: Assets/Behavior Designer/Runtime/Tasks/Composites/RandomSequence.cs
  artifactKey: Guid(11b102c97eb687b4a9ce1473a334c3dd) Importer(2089858483,0ecaa5967403d082aa24f35e1b516d23)
Start importing Assets/Behavior Designer/Runtime/Tasks/Composites/RandomSequence.cs using Guid(11b102c97eb687b4a9ce1473a334c3dd) Importer(2089858483,0ecaa5967403d082aa24f35e1b516d23) Generated GUIDs only implemented for interfaces!
 -> (artifact id: '6caa3d9024c2b495c35c998f1efc7df8') in 0.008791 seconds
Number of updated asset objects reloaded before import = 0
Number of asset objects unloaded after import = 1
========================================================================
Received Import Request.
  Time since last request: 0.000024 seconds.
  path: Assets/Behavior Designer/Runtime/Tasks/Unity/Animation/SetWrapMode.cs
  artifactKey: Guid(39af69a1e220fc2419a5d34933029ff9) Importer(2089858483,0ecaa5967403d082aa24f35e1b516d23)
Start importing Assets/Behavior Designer/Runtime/Tasks/Unity/Animation/SetWrapMode.cs using Guid(39af69a1e220fc2419a5d34933029ff9) Importer(2089858483,0ecaa5967403d082aa24f35e1b516d23) Generated GUIDs only implemented for interfaces!
 -> (artifact id: '223d1262c8bc08bc4aaecbcd4fd497bc') in 0.008655 seconds
Number of updated asset objects reloaded before import = 0
Number of asset objects unloaded after import = 1
========================================================================
Received Import Request.
  Time since last request: 0.000019 seconds.
  path: Assets/Behavior Designer/Runtime/Variables/SharedVector2.cs
  artifactKey: Guid(2398d4531b638134384482dcac3e850c) Importer(2089858483,0ecaa5967403d082aa24f35e1b516d23)
Start importing Assets/Behavior Designer/Runtime/Variables/SharedVector2.cs using Guid(2398d4531b638134384482dcac3e850c) Importer(2089858483,0ecaa5967403d082aa24f35e1b516d23) Generated GUIDs only implemented for interfaces!
 -> (artifact id: '34cdeed3dd9756c0fe442c781c5a1c4f') in 0.020575 seconds
Number of updated asset objects reloaded before import = 0
Number of asset objects unloaded after import = 1
========================================================================
Received Import Request.
  Time since last request: 0.000023 seconds.
  path: Assets/Behavior Designer/Runtime/Tasks/Unity/Animator/GetApplyRootMotion.cs
  artifactKey: Guid(872c96b3950799546863110b7e54d0c8) Importer(2089858483,0ecaa5967403d082aa24f35e1b516d23)
Start importing Assets/Behavior Designer/Runtime/Tasks/Unity/Animator/GetApplyRootMotion.cs using Guid(872c96b3950799546863110b7e54d0c8) Importer(2089858483,0ecaa5967403d082aa24f35e1b516d23) Generated GUIDs only implemented for interfaces!
 -> (artifact id: '4a62b6558c1502008b094dd59e6b0c28') in 0.006935 seconds
Number of updated asset objects reloaded before import = 0
Number of asset objects unloaded after import = 1
========================================================================
Received Import Request.
  Time since last request: 0.000019 seconds.
  path: Assets/Behavior Designer/Runtime/Tasks/Decorators/ReturnFailure.cs
  artifactKey: Guid(f34d21f1bb4e761478bdf76222fcf135) Importer(2089858483,0ecaa5967403d082aa24f35e1b516d23)
Start importing Assets/Behavior Designer/Runtime/Tasks/Decorators/ReturnFailure.cs using Guid(f34d21f1bb4e761478bdf76222fcf135) Importer(2089858483,0ecaa5967403d082aa24f35e1b516d23) Generated GUIDs only implemented for interfaces!
 -> (artifact id: '29992d2aefffcc52c3b13bb99736653a') in 0.008337 seconds
Number of updated asset objects reloaded before import = 0
Number of asset objects unloaded after import = 1
========================================================================
Received Import Request.
  Time since last request: 0.000018 seconds.
  path: Assets/Behavior Designer/Runtime/Variables/SharedRect.cs
  artifactKey: Guid(23ef607e9df5ab742afbea152c79eed5) Importer(2089858483,0ecaa5967403d082aa24f35e1b516d23)
Start importing Assets/Behavior Designer/Runtime/Variables/SharedRect.cs using Guid(23ef607e9df5ab742afbea152c79eed5) Importer(2089858483,0ecaa5967403d082aa24f35e1b516d23) Generated GUIDs only implemented for interfaces!
 -> (artifact id: 'e8d5cb67efaa4e5aeac4808b36345379') in 0.007500 seconds
Number of updated asset objects reloaded before import = 0
Number of asset objects unloaded after import = 1
========================================================================
Received Import Request.
  Time since last request: 0.000019 seconds.
  path: Assets/Behavior Designer/Runtime/Tasks/Actions/Reflection/SetFieldValue.cs
  artifactKey: Guid(21e389787213ba24ab1a6817def634ae) Importer(2089858483,0ecaa5967403d082aa24f35e1b516d23)
Start importing Assets/Behavior Designer/Runtime/Tasks/Actions/Reflection/SetFieldValue.cs using Guid(21e389787213ba24ab1a6817def634ae) Importer(2089858483,0ecaa5967403d082aa24f35e1b516d23) Generated GUIDs only implemented for interfaces!
 -> (artifact id: 'fb15bd5d1a84573fe0d6bead5b61a774') in 0.009037 seconds
Number of updated asset objects reloaded before import = 0
Number of asset objects unloaded after import = 1
========================================================================
Received Import Request.
  Time since last request: 0.000020 seconds.
  path: Assets/Behavior Designer/Runtime/Tasks/Actions/StartBehaviorTree.cs
  artifactKey: Guid(bc3d67c80371297439385b30f4be506c) Importer(2089858483,0ecaa5967403d082aa24f35e1b516d23)
Start importing Assets/Behavior Designer/Runtime/Tasks/Actions/StartBehaviorTree.cs using Guid(bc3d67c80371297439385b30f4be506c) Importer(2089858483,0ecaa5967403d082aa24f35e1b516d23) Generated GUIDs only implemented for interfaces!
 -> (artifact id: '0f156dccf5bdb83d568ca16db48f1eda') in 0.008863 seconds
Number of updated asset objects reloaded before import = 0
Number of asset objects unloaded after import = 1
========================================================================
Received Import Request.
  Time since last request: 0.000022 seconds.
  path: Assets/Behavior Designer/Runtime/Tasks/Composites/Sequence.cs
  artifactKey: Guid(b7226608b64066c40a656d7260249fce) Importer(2089858483,0ecaa5967403d082aa24f35e1b516d23)
Start importing Assets/Behavior Designer/Runtime/Tasks/Composites/Sequence.cs using Guid(b7226608b64066c40a656d7260249fce) Importer(2089858483,0ecaa5967403d082aa24f35e1b516d23) Generated GUIDs only implemented for interfaces!
 -> (artifact id: 'd74535af263f99d25ef710de84dec582') in 0.007206 seconds
Number of updated asset objects reloaded before import = 0
Number of asset objects unloaded after import = 1
========================================================================
Received Import Request.
  Time since last request: 0.298078 seconds.
  path: Assets/Behavior Designer/Runtime/Tasks/Unity/Animator/Play.cs
  artifactKey: Guid(a62df911d37cd8349b0168f875cd58ea) Importer(2089858483,0ecaa5967403d082aa24f35e1b516d23)
Start importing Assets/Behavior Designer/Runtime/Tasks/Unity/Animator/Play.cs using Guid(a62df911d37cd8349b0168f875cd58ea) Importer(2089858483,0ecaa5967403d082aa24f35e1b516d23) Generated GUIDs only implemented for interfaces!
 -> (artifact id: 'f6c51e9eb0a69dbb8eaf50d30d80d41e') in 0.007284 seconds
Number of updated asset objects reloaded before import = 0
Number of asset objects unloaded after import = 1
========================================================================
Received Import Request.
  Time since last request: 0.000023 seconds.
  path: Assets/Behavior Designer/Runtime/Tasks/Unity/CharacterController/GetHeight.cs
  artifactKey: Guid(eec31e6d5685c674fa2952757b4adf9a) Importer(2089858483,0ecaa5967403d082aa24f35e1b516d23)
Start importing Assets/Behavior Designer/Runtime/Tasks/Unity/CharacterController/GetHeight.cs using Guid(eec31e6d5685c674fa2952757b4adf9a) Importer(2089858483,0ecaa5967403d082aa24f35e1b516d23) Generated GUIDs only implemented for interfaces!
 -> (artifact id: '8c4ed29325f5c8f855f906ccee2b23f8') in 0.006615 seconds
Number of updated asset objects reloaded before import = 0
Number of asset objects unloaded after import = 1
========================================================================
Received Import Request.
  Time since last request: 0.000032 seconds.
  path: Assets/Behavior Designer/Runtime/Tasks/Unity/AudioSource/GetMaxDistance.cs
  artifactKey: Guid(3e2b2500d8e2b0c45825c0650f64eae2) Importer(2089858483,0ecaa5967403d082aa24f35e1b516d23)
Start importing Assets/Behavior Designer/Runtime/Tasks/Unity/AudioSource/GetMaxDistance.cs using Guid(3e2b2500d8e2b0c45825c0650f64eae2) Importer(2089858483,0ecaa5967403d082aa24f35e1b516d23) Generated GUIDs only implemented for interfaces!
 -> (artifact id: '1937479840c4a9e8d8fd708b388b33da') in 0.006663 seconds
Number of updated asset objects reloaded before import = 0
Number of asset objects unloaded after import = 1
========================================================================
Received Import Request.
  Time since last request: 0.000020 seconds.
  path: Assets/Behavior Designer/Runtime/Tasks/Unity/BoxCollider2D/SetSize.cs
  artifactKey: Guid(1875fd00045d98848b028015a17aeeaf) Importer(2089858483,0ecaa5967403d082aa24f35e1b516d23)
Start importing Assets/Behavior Designer/Runtime/Tasks/Unity/BoxCollider2D/SetSize.cs using Guid(1875fd00045d98848b028015a17aeeaf) Importer(2089858483,0ecaa5967403d082aa24f35e1b516d23) Generated GUIDs only implemented for interfaces!
 -> (artifact id: 'bd5a34164feeb7d1bfb36d32dc9015a4') in 0.007873 seconds
Number of updated asset objects reloaded before import = 0
Number of asset objects unloaded after import = 1
========================================================================
Received Import Request.
  Time since last request: 0.000019 seconds.
  path: Assets/Behavior Designer/Runtime/Tasks/Unity/Animator/StartPlayback.cs
  artifactKey: Guid(46d4b19160ba8774ea6100dda4288753) Importer(2089858483,0ecaa5967403d082aa24f35e1b516d23)
Start importing Assets/Behavior Designer/Runtime/Tasks/Unity/Animator/StartPlayback.cs using Guid(46d4b19160ba8774ea6100dda4288753) Importer(2089858483,0ecaa5967403d082aa24f35e1b516d23) Generated GUIDs only implemented for interfaces!
 -> (artifact id: '6a90ab97597117a7c1b991556d7a1c5f') in 0.006666 seconds
Number of updated asset objects reloaded before import = 0
Number of asset objects unloaded after import = 1
========================================================================
Received Import Request.
  Time since last request: 0.000018 seconds.
  path: Assets/Behavior Designer/Runtime/Tasks/Unity/CircleCollider2D/GetRadius.cs
  artifactKey: Guid(5301adcc69414e44681c1d4dc7ecde58) Importer(2089858483,0ecaa5967403d082aa24f35e1b516d23)
Start importing Assets/Behavior Designer/Runtime/Tasks/Unity/CircleCollider2D/GetRadius.cs using Guid(5301adcc69414e44681c1d4dc7ecde58) Importer(2089858483,0ecaa5967403d082aa24f35e1b516d23) Generated GUIDs only implemented for interfaces!
 -> (artifact id: '43c671d8244f9574740e7604192af056') in 0.006587 seconds
Number of updated asset objects reloaded before import = 0
Number of asset objects unloaded after import = 1
========================================================================
Received Import Request.
  Time since last request: 0.000019 seconds.
  path: Assets/Behavior Designer/Runtime/Tasks/Unity/CapsuleCollider/SetRadius.cs
  artifactKey: Guid(fed5a0f5604af324cb2e4a3ed9315793) Importer(2089858483,0ecaa5967403d082aa24f35e1b516d23)
Start importing Assets/Behavior Designer/Runtime/Tasks/Unity/CapsuleCollider/SetRadius.cs using Guid(fed5a0f5604af324cb2e4a3ed9315793) Importer(2089858483,0ecaa5967403d082aa24f35e1b516d23) Generated GUIDs only implemented for interfaces!
 -> (artifact id: 'f7fb389b5b452fb0f02ff7f2e48ec835') in 0.007921 seconds
Number of updated asset objects reloaded before import = 0
Number of asset objects unloaded after import = 1
========================================================================
Received Import Request.
  Time since last request: 0.000018 seconds.
  path: Assets/Behavior Designer/Runtime/Tasks/Unity/CapsuleCollider/GetRadius.cs
  artifactKey: Guid(d03b50a6f076c75408ef6e843bd75539) Importer(2089858483,0ecaa5967403d082aa24f35e1b516d23)
Start importing Assets/Behavior Designer/Runtime/Tasks/Unity/CapsuleCollider/GetRadius.cs using Guid(d03b50a6f076c75408ef6e843bd75539) Importer(2089858483,0ecaa5967403d082aa24f35e1b516d23) Generated GUIDs only implemented for interfaces!
 -> (artifact id: 'ebe4171d3ad7e8d459e35e2d44ca6f9f') in 0.007649 seconds
Number of updated asset objects reloaded before import = 0
Number of asset objects unloaded after import = 1
========================================================================
Received Import Request.
  Time since last request: 0.000018 seconds.
  path: Assets/Behavior Designer/Runtime/Tasks/Unity/Behaviour/GetEnabled.cs
  artifactKey: Guid(ad6519dede06d7b46b95e54bb60be281) Importer(2089858483,0ecaa5967403d082aa24f35e1b516d23)
Start importing Assets/Behavior Designer/Runtime/Tasks/Unity/Behaviour/GetEnabled.cs using Guid(ad6519dede06d7b46b95e54bb60be281) Importer(2089858483,0ecaa5967403d082aa24f35e1b516d23) Generated GUIDs only implemented for interfaces!
 -> (artifact id: 'e5565b41019985e2a7ef79d598037e3d') in 0.006821 seconds
Number of updated asset objects reloaded before import = 0
Number of asset objects unloaded after import = 1
========================================================================
Received Import Request.
  Time since last request: 0.000019 seconds.
  path: Assets/Behavior Designer/Runtime/Tasks/Unity/Animator/SetLayerWeight.cs
  artifactKey: Guid(979ffd79261d4bb499331ba9fa80ed7d) Importer(2089858483,0ecaa5967403d082aa24f35e1b516d23)
Start importing Assets/Behavior Designer/Runtime/Tasks/Unity/Animator/SetLayerWeight.cs using Guid(979ffd79261d4bb499331ba9fa80ed7d) Importer(2089858483,0ecaa5967403d082aa24f35e1b516d23) Generated GUIDs only implemented for interfaces!
 -> (artifact id: '7aef37dd2b1b759f8e0c399d24af38dc') in 0.006824 seconds
Number of updated asset objects reloaded before import = 0
Number of asset objects unloaded after import = 1
========================================================================
Received Import Request.
  Time since last request: 0.000020 seconds.
  path: Assets/Behavior Designer/Runtime/Tasks/Unity/CharacterController/SetStepOffset.cs
  artifactKey: Guid(b062e83de9feb8a41a9e4989f2d65b97) Importer(2089858483,0ecaa5967403d082aa24f35e1b516d23)
Start importing Assets/Behavior Designer/Runtime/Tasks/Unity/CharacterController/SetStepOffset.cs using Guid(b062e83de9feb8a41a9e4989f2d65b97) Importer(2089858483,0ecaa5967403d082aa24f35e1b516d23) Generated GUIDs only implemented for interfaces!
 -> (artifact id: '07c1ad9dc0c309f48cea933399a4ab1c') in 0.007752 seconds
Number of updated asset objects reloaded before import = 0
Number of asset objects unloaded after import = 1
========================================================================
Received Import Request.
  Time since last request: 0.000018 seconds.
  path: Assets/Behavior Designer/Runtime/Tasks/Unity/AudioSource/GetPriority.cs
  artifactKey: Guid(de856d580ad945e4d846fa52d3d647cc) Importer(2089858483,0ecaa5967403d082aa24f35e1b516d23)
Start importing Assets/Behavior Designer/Runtime/Tasks/Unity/AudioSource/GetPriority.cs using Guid(de856d580ad945e4d846fa52d3d647cc) Importer(2089858483,0ecaa5967403d082aa24f35e1b516d23) Generated GUIDs only implemented for interfaces!
 -> (artifact id: '10d91e59c1138065050cc9e6037fa44d') in 0.009018 seconds
Number of updated asset objects reloaded before import = 0
Number of asset objects unloaded after import = 1
========================================================================
Received Import Request.
  Time since last request: 0.000019 seconds.
  path: Assets/Behavior Designer/Runtime/Tasks/Unity/GameObject/ActiveSelf.cs
  artifactKey: Guid(26a4530d0ecaa774aaf060511089ddc3) Importer(2089858483,0ecaa5967403d082aa24f35e1b516d23)
Start importing Assets/Behavior Designer/Runtime/Tasks/Unity/GameObject/ActiveSelf.cs using Guid(26a4530d0ecaa774aaf060511089ddc3) Importer(2089858483,0ecaa5967403d082aa24f35e1b516d23) Generated GUIDs only implemented for interfaces!
 -> (artifact id: 'f4ca2d823e3e3e38bf9c4bc45f5673b5') in 0.006351 seconds
Number of updated asset objects reloaded before import = 0
Number of asset objects unloaded after import = 1
========================================================================
Received Import Request.
  Time since last request: 0.000019 seconds.
  path: Assets/Behavior Designer/Runtime/Tasks/Unity/Animator/SetSpeed.cs
  artifactKey: Guid(b5cd3c9afb48ee541afcce2dade6bc6a) Importer(2089858483,0ecaa5967403d082aa24f35e1b516d23)
Start importing Assets/Behavior Designer/Runtime/Tasks/Unity/Animator/SetSpeed.cs using Guid(b5cd3c9afb48ee541afcce2dade6bc6a) Importer(2089858483,0ecaa5967403d082aa24f35e1b516d23) Generated GUIDs only implemented for interfaces!
 -> (artifact id: '67d3bfe3ed78f0f426678ed4850f9406') in 0.007221 seconds
Number of updated asset objects reloaded before import = 0
Number of asset objects unloaded after import = 1
========================================================================
Received Import Request.
  Time since last request: 0.000019 seconds.
  path: Assets/Behavior Designer/Runtime/Tasks/Unity/BoxCollider/SetSize.cs
  artifactKey: Guid(d899b6ed83f6e264f8e5867cf68c0cda) Importer(2089858483,0ecaa5967403d082aa24f35e1b516d23)
Start importing Assets/Behavior Designer/Runtime/Tasks/Unity/BoxCollider/SetSize.cs using Guid(d899b6ed83f6e264f8e5867cf68c0cda) Importer(2089858483,0ecaa5967403d082aa24f35e1b516d23) Generated GUIDs only implemented for interfaces!
 -> (artifact id: '533134485113e323a078b65c2e7f158c') in 0.007305 seconds
Number of updated asset objects reloaded before import = 0
Number of asset objects unloaded after import = 1
========================================================================
Received Import Request.
  Time since last request: 0.000018 seconds.
  path: Assets/Behavior Designer/Runtime/Tasks/Unity/AudioSource/IsPlaying.cs
  artifactKey: Guid(20fb79d98326b794fb309a291613cab4) Importer(2089858483,0ecaa5967403d082aa24f35e1b516d23)
Start importing Assets/Behavior Designer/Runtime/Tasks/Unity/AudioSource/IsPlaying.cs using Guid(20fb79d98326b794fb309a291613cab4) Importer(2089858483,0ecaa5967403d082aa24f35e1b516d23) Generated GUIDs only implemented for interfaces!
 -> (artifact id: '5b50f0ea4c229abe4826bd62783c57ab') in 0.006635 seconds
Number of updated asset objects reloaded before import = 0
Number of asset objects unloaded after import = 1
========================================================================
Received Import Request.
  Time since last request: 0.000018 seconds.
  path: Assets/Behavior Designer/Runtime/Tasks/Unity/CharacterController/Move.cs
  artifactKey: Guid(546770f14f8265d4c83b94210630b644) Importer(2089858483,0ecaa5967403d082aa24f35e1b516d23)
Start importing Assets/Behavior Designer/Runtime/Tasks/Unity/CharacterController/Move.cs using Guid(546770f14f8265d4c83b94210630b644) Importer(2089858483,0ecaa5967403d082aa24f35e1b516d23) Generated GUIDs only implemented for interfaces!
 -> (artifact id: '8c4f288999bb852ada290b80a1cd68aa') in 0.006271 seconds
Number of updated asset objects reloaded before import = 0
Number of asset objects unloaded after import = 1
========================================================================
Received Import Request.
  Time since last request: 0.363474 seconds.
  path: Assets/Behavior Designer/Runtime/Tasks/Unity/GameObject/FindWithTag.cs
  artifactKey: Guid(d8768bdf841982f4aae662ee5dac3f2d) Importer(2089858483,0ecaa5967403d082aa24f35e1b516d23)
Start importing Assets/Behavior Designer/Runtime/Tasks/Unity/GameObject/FindWithTag.cs using Guid(d8768bdf841982f4aae662ee5dac3f2d) Importer(2089858483,0ecaa5967403d082aa24f35e1b516d23) Generated GUIDs only implemented for interfaces!
 -> (artifact id: '50fc29057da7b99b6fa0e1cf83d95600') in 0.008181 seconds
Number of updated asset objects reloaded before import = 0
Number of asset objects unloaded after import = 1
========================================================================
Received Import Request.
  Time since last request: 0.000020 seconds.
  path: Assets/Behavior Designer/Runtime/Tasks/Unity/Rigidbody/AddRelativeTorque.cs
  artifactKey: Guid(71136c1193309b24c93d450b5f2e47be) Importer(2089858483,0ecaa5967403d082aa24f35e1b516d23)
Start importing Assets/Behavior Designer/Runtime/Tasks/Unity/Rigidbody/AddRelativeTorque.cs using Guid(71136c1193309b24c93d450b5f2e47be) Importer(2089858483,0ecaa5967403d082aa24f35e1b516d23) Generated GUIDs only implemented for interfaces!
 -> (artifact id: '459de4b86fc9354631e13b709dbf4241') in 0.007170 seconds
Number of updated asset objects reloaded before import = 0
Number of asset objects unloaded after import = 1
========================================================================
Received Import Request.
  Time since last request: 0.000019 seconds.
  path: Assets/Behavior Designer/Runtime/Tasks/Unity/Rigidbody/AddForce.cs
  artifactKey: Guid(5748d4214b99b8c49ba67902a8495a30) Importer(2089858483,0ecaa5967403d082aa24f35e1b516d23)
Start importing Assets/Behavior Designer/Runtime/Tasks/Unity/Rigidbody/AddForce.cs using Guid(5748d4214b99b8c49ba67902a8495a30) Importer(2089858483,0ecaa5967403d082aa24f35e1b516d23) Generated GUIDs only implemented for interfaces!
 -> (artifact id: '2f062f0a42517d618d35514624c9bbcb') in 0.006546 seconds
Number of updated asset objects reloaded before import = 0
Number of asset objects unloaded after import = 1
========================================================================
Received Import Request.
  Time since last request: 0.000019 seconds.
  path: Assets/Behavior Designer/Runtime/Tasks/Unity/GameObject/SetActive.cs
  artifactKey: Guid(5237a810dcce11e499c1915171ec670b) Importer(2089858483,0ecaa5967403d082aa24f35e1b516d23)
Start importing Assets/Behavior Designer/Runtime/Tasks/Unity/GameObject/SetActive.cs using Guid(5237a810dcce11e499c1915171ec670b) Importer(2089858483,0ecaa5967403d082aa24f35e1b516d23) Generated GUIDs only implemented for interfaces!
 -> (artifact id: '1092aca00359e78f3fa78498257e139b') in 0.006955 seconds
Number of updated asset objects reloaded before import = 0
Number of asset objects unloaded after import = 1
========================================================================
Received Import Request.
  Time since last request: 0.000018 seconds.
  path: Assets/Behavior Designer/Runtime/Tasks/Unity/ParticleSystem/GetPlaybackSpeed.cs
  artifactKey: Guid(f8f29f170ac706b498e7c933136d8036) Importer(2089858483,0ecaa5967403d082aa24f35e1b516d23)
Start importing Assets/Behavior Designer/Runtime/Tasks/Unity/ParticleSystem/GetPlaybackSpeed.cs using Guid(f8f29f170ac706b498e7c933136d8036) Importer(2089858483,0ecaa5967403d082aa24f35e1b516d23) Generated GUIDs only implemented for interfaces!
 -> (artifact id: '2b9f205b9653396ca5ba25d0fc756f4a') in 0.015387 seconds
Number of updated asset objects reloaded before import = 0
Number of asset objects unloaded after import = 1
========================================================================
Received Import Request.
  Time since last request: 0.000024 seconds.
  path: Assets/Behavior Designer/Runtime/Tasks/Unity/Input/IsMouseDown.cs
  artifactKey: Guid(fd85264410cd9ac45b0c9c2e550f7c46) Importer(2089858483,0ecaa5967403d082aa24f35e1b516d23)
Start importing Assets/Behavior Designer/Runtime/Tasks/Unity/Input/IsMouseDown.cs using Guid(fd85264410cd9ac45b0c9c2e550f7c46) Importer(2089858483,0ecaa5967403d082aa24f35e1b516d23) Generated GUIDs only implemented for interfaces!
 -> (artifact id: 'f13987e6b745f8de960903f80a50dc3e') in 0.006760 seconds
Number of updated asset objects reloaded before import = 0
Number of asset objects unloaded after import = 1
========================================================================
Received Import Request.
  Time since last request: 0.000019 seconds.
  path: Assets/Behavior Designer/Runtime/Tasks/Unity/NavMeshAgent/SetDestination.cs
  artifactKey: Guid(55d9c2d20e895104181ae1b484868ead) Importer(2089858483,0ecaa5967403d082aa24f35e1b516d23)
Start importing Assets/Behavior Designer/Runtime/Tasks/Unity/NavMeshAgent/SetDestination.cs using Guid(55d9c2d20e895104181ae1b484868ead) Importer(2089858483,0ecaa5967403d082aa24f35e1b516d23) Generated GUIDs only implemented for interfaces!
 -> (artifact id: '216645078a9997881c3f95a97fbd1b73') in 0.006645 seconds
Number of updated asset objects reloaded before import = 0
Number of asset objects unloaded after import = 1
========================================================================
Received Import Request.
  Time since last request: 0.000019 seconds.
  path: Assets/Behavior Designer/Runtime/Tasks/Unity/Quaternion/Inverse.cs
  artifactKey: Guid(ab8f5048bc0e5ce409bf3408c60bc3eb) Importer(2089858483,0ecaa5967403d082aa24f35e1b516d23)
Start importing Assets/Behavior Designer/Runtime/Tasks/Unity/Quaternion/Inverse.cs using Guid(ab8f5048bc0e5ce409bf3408c60bc3eb) Importer(2089858483,0ecaa5967403d082aa24f35e1b516d23) Generated GUIDs only implemented for interfaces!
 -> (artifact id: '7ca4f41b3b8eaafed97e9f855aebea47') in 0.007827 seconds
Number of updated asset objects reloaded before import = 0
Number of asset objects unloaded after import = 1
========================================================================
Received Import Request.
  Time since last request: 0.000019 seconds.
  path: Assets/Behavior Designer/Runtime/Tasks/Unity/Input/IsKeyUp.cs
  artifactKey: Guid(7d8622d5540c851448ad036016f0f426) Importer(2089858483,0ecaa5967403d082aa24f35e1b516d23)
Start importing Assets/Behavior Designer/Runtime/Tasks/Unity/Input/IsKeyUp.cs using Guid(7d8622d5540c851448ad036016f0f426) Importer(2089858483,0ecaa5967403d082aa24f35e1b516d23) Generated GUIDs only implemented for interfaces!
 -> (artifact id: '26f80efb9e878d474e11fc62df060de0') in 0.006471 seconds
Number of updated asset objects reloaded before import = 0
Number of asset objects unloaded after import = 1
========================================================================
Received Import Request.
  Time since last request: 0.000019 seconds.
  path: Assets/Behavior Designer/Runtime/Tasks/Unity/NavMeshAgent/Move.cs
  artifactKey: Guid(55ea16e678f6fae47a46affd3d22b883) Importer(2089858483,0ecaa5967403d082aa24f35e1b516d23)
Start importing Assets/Behavior Designer/Runtime/Tasks/Unity/NavMeshAgent/Move.cs using Guid(55ea16e678f6fae47a46affd3d22b883) Importer(2089858483,0ecaa5967403d082aa24f35e1b516d23) Generated GUIDs only implemented for interfaces!
 -> (artifact id: 'd306ce1fcf5acda0452dbfc7e7050aca') in 0.006379 seconds
Number of updated asset objects reloaded before import = 0
Number of asset objects unloaded after import = 1
========================================================================
Received Import Request.
  Time since last request: 0.000019 seconds.
  path: Assets/Behavior Designer/Runtime/Tasks/Unity/ParticleSystem/GetMaxParticles.cs
  artifactKey: Guid(429771af65df81c49aaf4b34630473fe) Importer(2089858483,0ecaa5967403d082aa24f35e1b516d23)
Start importing Assets/Behavior Designer/Runtime/Tasks/Unity/ParticleSystem/GetMaxParticles.cs using Guid(429771af65df81c49aaf4b34630473fe) Importer(2089858483,0ecaa5967403d082aa24f35e1b516d23) Generated GUIDs only implemented for interfaces!
 -> (artifact id: '053bbabfd89fc9b21a6d6d52000714cf') in 0.006781 seconds
Number of updated asset objects reloaded before import = 0
Number of asset objects unloaded after import = 1
========================================================================
Received Import Request.
  Time since last request: 0.000035 seconds.
  path: Assets/Behavior Designer/Runtime/Tasks/Unity/Quaternion/AngleAxis.cs
  artifactKey: Guid(82152b844829f8f43ab44f35bf7d786f) Importer(2089858483,0ecaa5967403d082aa24f35e1b516d23)
Start importing Assets/Behavior Designer/Runtime/Tasks/Unity/Quaternion/AngleAxis.cs using Guid(82152b844829f8f43ab44f35bf7d786f) Importer(2089858483,0ecaa5967403d082aa24f35e1b516d23) Generated GUIDs only implemented for interfaces!
 -> (artifact id: 'adddbe9fc64f5acd5828423837bc5e8d') in 0.008283 seconds
Number of updated asset objects reloaded before import = 0
Number of asset objects unloaded after import = 1
========================================================================
Received Import Request.
  Time since last request: 0.000017 seconds.
  path: Assets/Behavior Designer/Runtime/Tasks/Unity/ParticleSystem/GetTime.cs
  artifactKey: Guid(9b15c7efbf98f7649adf8dd4474b0579) Importer(2089858483,0ecaa5967403d082aa24f35e1b516d23)
Start importing Assets/Behavior Designer/Runtime/Tasks/Unity/ParticleSystem/GetTime.cs using Guid(9b15c7efbf98f7649adf8dd4474b0579) Importer(2089858483,0ecaa5967403d082aa24f35e1b516d23) Generated GUIDs only implemented for interfaces!
 -> (artifact id: 'c34cf357ce119cf8010df173b657b524') in 0.006454 seconds
Number of updated asset objects reloaded before import = 0
Number of asset objects unloaded after import = 1
========================================================================
Received Import Request.
  Time since last request: 0.000019 seconds.
  path: Assets/Behavior Designer/Runtime/Tasks/Unity/ParticleSystem/SetLoop.cs
  artifactKey: Guid(b9fa90adc0377cc4592de00e410a4060) Importer(2089858483,0ecaa5967403d082aa24f35e1b516d23)
Start importing Assets/Behavior Designer/Runtime/Tasks/Unity/ParticleSystem/SetLoop.cs using Guid(b9fa90adc0377cc4592de00e410a4060) Importer(2089858483,0ecaa5967403d082aa24f35e1b516d23) Generated GUIDs only implemented for interfaces!
 -> (artifact id: '7b6c6d5c1039c96edfe3551b9825686b') in 0.006873 seconds
Number of updated asset objects reloaded before import = 0
Number of asset objects unloaded after import = 1
========================================================================
Received Import Request.
  Time since last request: 0.000023 seconds.
  path: Assets/Behavior Designer/Runtime/Tasks/Unity/Light/SetShadowBias.cs
  artifactKey: Guid(f2b374e3c2e26e94ba76dd68290ff538) Importer(2089858483,0ecaa5967403d082aa24f35e1b516d23)
Start importing Assets/Behavior Designer/Runtime/Tasks/Unity/Light/SetShadowBias.cs using Guid(f2b374e3c2e26e94ba76dd68290ff538) Importer(2089858483,0ecaa5967403d082aa24f35e1b516d23) Generated GUIDs only implemented for interfaces!
 -> (artifact id: '96d682a457ce6056d19c4f44b00d42dd') in 0.006513 seconds
Number of updated asset objects reloaded before import = 0
Number of asset objects unloaded after import = 1
========================================================================
Received Import Request.
  Time since last request: 0.000028 seconds.
  path: Assets/Behavior Designer/Runtime/Tasks/Unity/Light/SetColor.cs
  artifactKey: Guid(0ba683b0b18385042b3351c660f29d33) Importer(2089858483,0ecaa5967403d082aa24f35e1b516d23)
Start importing Assets/Behavior Designer/Runtime/Tasks/Unity/Light/SetColor.cs using Guid(0ba683b0b18385042b3351c660f29d33) Importer(2089858483,0ecaa5967403d082aa24f35e1b516d23) Generated GUIDs only implemented for interfaces!
 -> (artifact id: 'dfbc321d04662c49136d6ef26839e524') in 0.009294 seconds
Number of updated asset objects reloaded before import = 0
Number of asset objects unloaded after import = 1
========================================================================
Received Import Request.
  Time since last request: 0.000020 seconds.
  path: Assets/Behavior Designer/Runtime/Tasks/Unity/Light/GetShadowStrength.cs
  artifactKey: Guid(7a7fe83e412ff344888939e6a974a064) Importer(2089858483,0ecaa5967403d082aa24f35e1b516d23)
Start importing Assets/Behavior Designer/Runtime/Tasks/Unity/Light/GetShadowStrength.cs using Guid(7a7fe83e412ff344888939e6a974a064) Importer(2089858483,0ecaa5967403d082aa24f35e1b516d23) Generated GUIDs only implemented for interfaces!
 -> (artifact id: 'b63e787a14f64b0fa46b2bc84b57b64f') in 0.006560 seconds
Number of updated asset objects reloaded before import = 0
Number of asset objects unloaded after import = 1
========================================================================
Received Import Request.
  Time since last request: 0.000018 seconds.
  path: Assets/Behavior Designer/Runtime/Tasks/Unity/Rigidbody/AddRelativeForce.cs
  artifactKey: Guid(1de05a2b6197b2d4b9da1c36bf382649) Importer(2089858483,0ecaa5967403d082aa24f35e1b516d23)
Start importing Assets/Behavior Designer/Runtime/Tasks/Unity/Rigidbody/AddRelativeForce.cs using Guid(1de05a2b6197b2d4b9da1c36bf382649) Importer(2089858483,0ecaa5967403d082aa24f35e1b516d23) Generated GUIDs only implemented for interfaces!
 -> (artifact id: '4f26b2a743e7295b45f3092eeffa3518') in 0.007131 seconds
Number of updated asset objects reloaded before import = 0
Number of asset objects unloaded after import = 1
========================================================================
Received Import Request.
  Time since last request: 0.000020 seconds.
  path: Assets/Behavior Designer/Runtime/Tasks/Unity/Light/GetCookieSize.cs
  artifactKey: Guid(4c382d40893d45d46842714355d4cab4) Importer(2089858483,0ecaa5967403d082aa24f35e1b516d23)
Start importing Assets/Behavior Designer/Runtime/Tasks/Unity/Light/GetCookieSize.cs using Guid(4c382d40893d45d46842714355d4cab4) Importer(2089858483,0ecaa5967403d082aa24f35e1b516d23) Generated GUIDs only implemented for interfaces!
 -> (artifact id: '69b487e4f550bdcc76da65e77dd16e4a') in 0.007462 seconds
Number of updated asset objects reloaded before import = 0
Number of asset objects unloaded after import = 1
========================================================================
Received Import Request.
  Time since last request: 0.000019 seconds.
  path: Assets/Behavior Designer/Runtime/Tasks/Unity/Input/GetMousePosition.cs
  artifactKey: Guid(f11dbb85cfc5b3941ae4f82fa54b7d27) Importer(2089858483,0ecaa5967403d082aa24f35e1b516d23)
Start importing Assets/Behavior Designer/Runtime/Tasks/Unity/Input/GetMousePosition.cs using Guid(f11dbb85cfc5b3941ae4f82fa54b7d27) Importer(2089858483,0ecaa5967403d082aa24f35e1b516d23) Generated GUIDs only implemented for interfaces!
 -> (artifact id: 'f3f9144ccbcfefa0732e59968a7d74a0') in 0.006798 seconds
Number of updated asset objects reloaded before import = 0
Number of asset objects unloaded after import = 1
========================================================================
Received Import Request.
  Time since last request: 0.000018 seconds.
  path: Assets/Behavior Designer/Runtime/Tasks/Unity/Math/SetBool.cs
  artifactKey: Guid(55f244424a532d24bba59542e2f0fc59) Importer(2089858483,0ecaa5967403d082aa24f35e1b516d23)
Start importing Assets/Behavior Designer/Runtime/Tasks/Unity/Math/SetBool.cs using Guid(55f244424a532d24bba59542e2f0fc59) Importer(2089858483,0ecaa5967403d082aa24f35e1b516d23) Generated GUIDs only implemented for interfaces!
 -> (artifact id: '84825a8a638458d61a682d6f48b46e19') in 0.006737 seconds
Number of updated asset objects reloaded before import = 0
Number of asset objects unloaded after import = 1
========================================================================
Received Import Request.
  Time since last request: 0.000019 seconds.
  path: Assets/Behavior Designer/Runtime/Tasks/Unity/Math/RandomFloat.cs
  artifactKey: Guid(9f81e111c77731b418178f1226975c3f) Importer(2089858483,0ecaa5967403d082aa24f35e1b516d23)
Start importing Assets/Behavior Designer/Runtime/Tasks/Unity/Math/RandomFloat.cs using Guid(9f81e111c77731b418178f1226975c3f) Importer(2089858483,0ecaa5967403d082aa24f35e1b516d23) Generated GUIDs only implemented for interfaces!
 -> (artifact id: 'e8a885ee184a235aa27d160f7faa6b5d') in 0.007568 seconds
Number of updated asset objects reloaded before import = 0
Number of asset objects unloaded after import = 1
========================================================================
Received Import Request.
  Time since last request: 0.000019 seconds.
  path: Assets/Behavior Designer/Runtime/Tasks/Unity/Quaternion/Angle.cs
  artifactKey: Guid(0d316a25dcddd6f4a981df05a1eeaf7c) Importer(2089858483,0ecaa5967403d082aa24f35e1b516d23)
Start importing Assets/Behavior Designer/Runtime/Tasks/Unity/Quaternion/Angle.cs using Guid(0d316a25dcddd6f4a981df05a1eeaf7c) Importer(2089858483,0ecaa5967403d082aa24f35e1b516d23) Generated GUIDs only implemented for interfaces!
 -> (artifact id: '42ad78e8978b2a05adaf1bde1f02315e') in 0.006158 seconds
Number of updated asset objects reloaded before import = 0
Number of asset objects unloaded after import = 1
========================================================================
Received Import Request.
  Time since last request: 0.000018 seconds.
  path: Assets/Behavior Designer/Runtime/Tasks/Unity/ParticleSystem/Simulate.cs
  artifactKey: Guid(24d79d661acf61e44918320624b49dd5) Importer(2089858483,0ecaa5967403d082aa24f35e1b516d23)
Start importing Assets/Behavior Designer/Runtime/Tasks/Unity/ParticleSystem/Simulate.cs using Guid(24d79d661acf61e44918320624b49dd5) Importer(2089858483,0ecaa5967403d082aa24f35e1b516d23) Generated GUIDs only implemented for interfaces!
 -> (artifact id: 'eae0f7e11d8c26e05b642cbf4bb4ed13') in 0.006314 seconds
Number of updated asset objects reloaded before import = 0
Number of asset objects unloaded after import = 1
========================================================================
Received Import Request.
  Time since last request: 0.000053 seconds.
  path: Assets/Behavior Designer/Runtime/Tasks/Unity/Quaternion/FromToRotation.cs
  artifactKey: Guid(56740b2c218d500408dd75c6c15006ec) Importer(2089858483,0ecaa5967403d082aa24f35e1b516d23)
Start importing Assets/Behavior Designer/Runtime/Tasks/Unity/Quaternion/FromToRotation.cs using Guid(56740b2c218d500408dd75c6c15006ec) Importer(2089858483,0ecaa5967403d082aa24f35e1b516d23) Generated GUIDs only implemented for interfaces!
 -> (artifact id: 'b1ad9d69484d4816ae4874ce8e354615') in 0.007834 seconds
Number of updated asset objects reloaded before import = 0
Number of asset objects unloaded after import = 1
========================================================================
Received Import Request.
  Time since last request: 0.288289 seconds.
  path: Assets/Behavior Designer/Runtime/Tasks/Unity/Rigidbody/GetUseGravity.cs
  artifactKey: Guid(1d7358afc7810ca4aa2ae8a2cd4b9e6e) Importer(2089858483,0ecaa5967403d082aa24f35e1b516d23)
Start importing Assets/Behavior Designer/Runtime/Tasks/Unity/Rigidbody/GetUseGravity.cs using Guid(1d7358afc7810ca4aa2ae8a2cd4b9e6e) Importer(2089858483,0ecaa5967403d082aa24f35e1b516d23) Generated GUIDs only implemented for interfaces!
 -> (artifact id: '2a6d9b56638fa5fbb26923bc608f8670') in 0.007640 seconds
Number of updated asset objects reloaded before import = 0
Number of asset objects unloaded after import = 1
========================================================================
Received Import Request.
  Time since last request: 0.000018 seconds.
  path: Assets/Behavior Designer/Runtime/Tasks/Unity/Transform/GetRotation.cs
  artifactKey: Guid(5384b69809f40f5489ca7d7d345471d2) Importer(2089858483,0ecaa5967403d082aa24f35e1b516d23)
Start importing Assets/Behavior Designer/Runtime/Tasks/Unity/Transform/GetRotation.cs using Guid(5384b69809f40f5489ca7d7d345471d2) Importer(2089858483,0ecaa5967403d082aa24f35e1b516d23) Generated GUIDs only implemented for interfaces!
 -> (artifact id: '97372495a20365340f334872bc4174c3') in 0.006413 seconds
Number of updated asset objects reloaded before import = 0
Number of asset objects unloaded after import = 1
========================================================================
Received Import Request.
  Time since last request: 0.000028 seconds.
  path: Assets/Behavior Designer/Runtime/Tasks/Unity/Timeline/IsPaused.cs
  artifactKey: Guid(52231614084966e4ea648e3293e3de67) Importer(2089858483,0ecaa5967403d082aa24f35e1b516d23)
Start importing Assets/Behavior Designer/Runtime/Tasks/Unity/Timeline/IsPaused.cs using Guid(52231614084966e4ea648e3293e3de67) Importer(2089858483,0ecaa5967403d082aa24f35e1b516d23) Generated GUIDs only implemented for interfaces!
 -> (artifact id: '238cca4d5ee9748edf5280d3d919a2ab') in 0.008083 seconds
Number of updated asset objects reloaded before import = 0
Number of asset objects unloaded after import = 1
========================================================================
Received Import Request.
  Time since last request: 0.000019 seconds.
  path: Assets/Behavior Designer/Runtime/Tasks/Unity/String/GetSubstring.cs
  artifactKey: Guid(6ce20430f88c32b418f29b42531eca4a) Importer(2089858483,0ecaa5967403d082aa24f35e1b516d23)
Start importing Assets/Behavior Designer/Runtime/Tasks/Unity/String/GetSubstring.cs using Guid(6ce20430f88c32b418f29b42531eca4a) Importer(2089858483,0ecaa5967403d082aa24f35e1b516d23) Generated GUIDs only implemented for interfaces!
 -> (artifact id: '279121504a451cae424de0a91242e399') in 0.006393 seconds
Number of updated asset objects reloaded before import = 0
Number of asset objects unloaded after import = 1
========================================================================
Received Import Request.
  Time since last request: 0.000018 seconds.
  path: Assets/Behavior Designer/Runtime/Tasks/Unity/Rigidbody2D/GetAngularDrag.cs
  artifactKey: Guid(10833270578d69041b561c5126bb31f2) Importer(2089858483,0ecaa5967403d082aa24f35e1b516d23)
Start importing Assets/Behavior Designer/Runtime/Tasks/Unity/Rigidbody2D/GetAngularDrag.cs using Guid(10833270578d69041b561c5126bb31f2) Importer(2089858483,0ecaa5967403d082aa24f35e1b516d23) Generated GUIDs only implemented for interfaces!
 -> (artifact id: '446ca217ed06713d2d5a98b4569475cb') in 0.007342 seconds
Number of updated asset objects reloaded before import = 0
Number of asset objects unloaded after import = 1
========================================================================
Received Import Request.
  Time since last request: 0.000022 seconds.
  path: Assets/Behavior Designer/Runtime/Tasks/Unity/SharedVariables/SharedTransformsToTransformList.cs
  artifactKey: Guid(3533c6733499e9446b1eae98c8fcaeea) Importer(2089858483,0ecaa5967403d082aa24f35e1b516d23)
Start importing Assets/Behavior Designer/Runtime/Tasks/Unity/SharedVariables/SharedTransformsToTransformList.cs using Guid(3533c6733499e9446b1eae98c8fcaeea) Importer(2089858483,0ecaa5967403d082aa24f35e1b516d23) Generated GUIDs only implemented for interfaces!
 -> (artifact id: '67a782d7149b416402784098dc835b34') in 0.008073 seconds
Number of updated asset objects reloaded before import = 0
Number of asset objects unloaded after import = 1
========================================================================
Received Import Request.
  Time since last request: 0.000032 seconds.
  path: Assets/Behavior Designer/Runtime/Tasks/Unity/Rigidbody/MovePosition.cs
  artifactKey: Guid(87176662744aee049b8af51b01bcb526) Importer(2089858483,0ecaa5967403d082aa24f35e1b516d23)
Start importing Assets/Behavior Designer/Runtime/Tasks/Unity/Rigidbody/MovePosition.cs using Guid(87176662744aee049b8af51b01bcb526) Importer(2089858483,0ecaa5967403d082aa24f35e1b516d23) Generated GUIDs only implemented for interfaces!
 -> (artifact id: '51d063ab3bcccf554c0634170e1e5dab') in 0.006440 seconds
Number of updated asset objects reloaded before import = 0
Number of asset objects unloaded after import = 1
========================================================================
Received Import Request.
  Time since last request: 0.000020 seconds.
  path: Assets/Behavior Designer/Runtime/Tasks/Unity/Timeline/Resume.cs
  artifactKey: Guid(08ea323394eb79c48a2aa692cb4e82ac) Importer(2089858483,0ecaa5967403d082aa24f35e1b516d23)
Start importing Assets/Behavior Designer/Runtime/Tasks/Unity/Timeline/Resume.cs using Guid(08ea323394eb79c48a2aa692cb4e82ac) Importer(2089858483,0ecaa5967403d082aa24f35e1b516d23) Generated GUIDs only implemented for interfaces!
 -> (artifact id: '33a96ab40a7198375ce046eaf8dc5179') in 0.006320 seconds
Number of updated asset objects reloaded before import = 0
Number of asset objects unloaded after import = 1
========================================================================
Received Import Request.
  Time since last request: 0.000020 seconds.
  path: Assets/Behavior Designer/Runtime/Tasks/Unity/Rigidbody/SetUseGravity.cs
  artifactKey: Guid(19548f438ad1c684180d41713cbdeb76) Importer(2089858483,0ecaa5967403d082aa24f35e1b516d23)
Start importing Assets/Behavior Designer/Runtime/Tasks/Unity/Rigidbody/SetUseGravity.cs using Guid(19548f438ad1c684180d41713cbdeb76) Importer(2089858483,0ecaa5967403d082aa24f35e1b516d23) Generated GUIDs only implemented for interfaces!
 -> (artifact id: '593f99d8c87c6910278382326899e555') in 0.007672 seconds
Number of updated asset objects reloaded before import = 0
Number of asset objects unloaded after import = 1
========================================================================
Received Import Request.
  Time since last request: 0.000020 seconds.
  path: Assets/Behavior Designer/Runtime/Tasks/Unity/Timeline/IsPlaying.cs
  artifactKey: Guid(61a5af2ddf414484cb4f4048f2342c4f) Importer(2089858483,0ecaa5967403d082aa24f35e1b516d23)
Start importing Assets/Behavior Designer/Runtime/Tasks/Unity/Timeline/IsPlaying.cs using Guid(61a5af2ddf414484cb4f4048f2342c4f) Importer(2089858483,0ecaa5967403d082aa24f35e1b516d23) Generated GUIDs only implemented for interfaces!
 -> (artifact id: '169b4e03587766e3a9d3d3f61acb50db') in 0.006630 seconds
Number of updated asset objects reloaded before import = 0
Number of asset objects unloaded after import = 1
========================================================================
Received Import Request.
  Time since last request: 0.000020 seconds.
  path: Assets/Behavior Designer/Runtime/Tasks/Unity/Transform/SetLocalEulerAngles.cs
  artifactKey: Guid(2e1ed691ebf9f154e88bb8be7319baad) Importer(2089858483,0ecaa5967403d082aa24f35e1b516d23)
Start importing Assets/Behavior Designer/Runtime/Tasks/Unity/Transform/SetLocalEulerAngles.cs using Guid(2e1ed691ebf9f154e88bb8be7319baad) Importer(2089858483,0ecaa5967403d082aa24f35e1b516d23) Generated GUIDs only implemented for interfaces!
 -> (artifact id: 'e42015f3b58cc20674476eb1e497dfb1') in 0.006621 seconds
Number of updated asset objects reloaded before import = 0
Number of asset objects unloaded after import = 1
========================================================================
Received Import Request.
  Time since last request: 0.000018 seconds.
  path: Assets/Behavior Designer/Runtime/Tasks/Unity/SharedVariables/SharedGameObjectsToGameObjectList.cs
  artifactKey: Guid(4460871f1a9671343896ef9e56d9ceab) Importer(2089858483,0ecaa5967403d082aa24f35e1b516d23)
Start importing Assets/Behavior Designer/Runtime/Tasks/Unity/SharedVariables/SharedGameObjectsToGameObjectList.cs using Guid(4460871f1a9671343896ef9e56d9ceab) Importer(2089858483,0ecaa5967403d082aa24f35e1b516d23) Generated GUIDs only implemented for interfaces!
 -> (artifact id: '7c5abd15444304ba78d7e37c126dd9b0') in 0.008500 seconds
Number of updated asset objects reloaded before import = 0
Number of asset objects unloaded after import = 1
========================================================================
Received Import Request.
  Time since last request: 0.000018 seconds.
  path: Assets/Behavior Designer/Runtime/Tasks/Unity/Transform/IsChildOf.cs
  artifactKey: Guid(304e488eb1caa4f45a8bd903292492ca) Importer(2089858483,0ecaa5967403d082aa24f35e1b516d23)
Start importing Assets/Behavior Designer/Runtime/Tasks/Unity/Transform/IsChildOf.cs using Guid(304e488eb1caa4f45a8bd903292492ca) Importer(2089858483,0ecaa5967403d082aa24f35e1b516d23) Generated GUIDs only implemented for interfaces!
 -> (artifact id: '2909006ad8d7ff47a9225ebd41ed9627') in 0.006327 seconds
Number of updated asset objects reloaded before import = 0
Number of asset objects unloaded after import = 1
========================================================================
Received Import Request.
  Time since last request: 0.000022 seconds.
  path: Assets/Behavior Designer/Runtime/Tasks/Unity/Vector2/GetRightVector.cs
  artifactKey: Guid(f46062197c393bb4a809f7faf8e9fc70) Importer(2089858483,0ecaa5967403d082aa24f35e1b516d23)
Start importing Assets/Behavior Designer/Runtime/Tasks/Unity/Vector2/GetRightVector.cs using Guid(f46062197c393bb4a809f7faf8e9fc70) Importer(2089858483,0ecaa5967403d082aa24f35e1b516d23) Generated GUIDs only implemented for interfaces!
 -> (artifact id: '70869b254e7bf62fc33f3ed09b2f5795') in 0.006903 seconds
Number of updated asset objects reloaded before import = 0
Number of asset objects unloaded after import = 1
========================================================================
Received Import Request.
  Time since last request: 0.000018 seconds.
  path: Assets/Behavior Designer/Runtime/Tasks/Unity/SharedVariables/CompareSharedVector3.cs
  artifactKey: Guid(617192db87511d844940d400c960d13d) Importer(2089858483,0ecaa5967403d082aa24f35e1b516d23)
Start importing Assets/Behavior Designer/Runtime/Tasks/Unity/SharedVariables/CompareSharedVector3.cs using Guid(617192db87511d844940d400c960d13d) Importer(2089858483,0ecaa5967403d082aa24f35e1b516d23) Generated GUIDs only implemented for interfaces!
 -> (artifact id: '9915d0dbd4790753d0358470d900463e') in 0.008058 seconds
Number of updated asset objects reloaded before import = 0
Number of asset objects unloaded after import = 1
========================================================================
Received Import Request.
  Time since last request: 0.000019 seconds.
  path: Assets/Behavior Designer/Runtime/Tasks/Unity/Rigidbody2D/GetPosition.cs
  artifactKey: Guid(98dff23734f3a834cbf5ccf87c9904f7) Importer(2089858483,0ecaa5967403d082aa24f35e1b516d23)
Start importing Assets/Behavior Designer/Runtime/Tasks/Unity/Rigidbody2D/GetPosition.cs using Guid(98dff23734f3a834cbf5ccf87c9904f7) Importer(2089858483,0ecaa5967403d082aa24f35e1b516d23) Generated GUIDs only implemented for interfaces!
 -> (artifact id: 'd800d45033eb4cb67ad4e718400d1d99') in 0.007318 seconds
Number of updated asset objects reloaded before import = 0
Number of asset objects unloaded after import = 1
========================================================================
Received Import Request.
  Time since last request: 0.000018 seconds.
  path: Assets/Behavior Designer/Runtime/Tasks/Unity/Rigidbody/SetVelocity.cs
  artifactKey: Guid(3e3fc3ca798c87644a42b1c930fff3f0) Importer(2089858483,0ecaa5967403d082aa24f35e1b516d23)
Start importing Assets/Behavior Designer/Runtime/Tasks/Unity/Rigidbody/SetVelocity.cs using Guid(3e3fc3ca798c87644a42b1c930fff3f0) Importer(2089858483,0ecaa5967403d082aa24f35e1b516d23) Generated GUIDs only implemented for interfaces!
 -> (artifact id: '865f37b7a6e6e9cdea27c3a90f948796') in 0.007210 seconds
Number of updated asset objects reloaded before import = 0
Number of asset objects unloaded after import = 1
========================================================================
Received Import Request.
  Time since last request: 0.000018 seconds.
  path: Assets/Behavior Designer/Runtime/Tasks/Unity/Timeline/Stop.cs
  artifactKey: Guid(7941758d54ddf364ca7b43af93da05ec) Importer(2089858483,0ecaa5967403d082aa24f35e1b516d23)
Start importing Assets/Behavior Designer/Runtime/Tasks/Unity/Timeline/Stop.cs using Guid(7941758d54ddf364ca7b43af93da05ec) Importer(2089858483,0ecaa5967403d082aa24f35e1b516d23) Generated GUIDs only implemented for interfaces!
 -> (artifact id: '3d8fb1231158d2cf07dba58824a4ab1e') in 0.006351 seconds
Number of updated asset objects reloaded before import = 0
Number of asset objects unloaded after import = 1
========================================================================
Received Import Request.
  Time since last request: 0.000019 seconds.
  path: Assets/Behavior Designer/Runtime/Tasks/Unity/Rigidbody2D/WakeUp.cs
  artifactKey: Guid(954f1f9c196c39345b2fd389516ad613) Importer(2089858483,0ecaa5967403d082aa24f35e1b516d23)
Start importing Assets/Behavior Designer/Runtime/Tasks/Unity/Rigidbody2D/WakeUp.cs using Guid(954f1f9c196c39345b2fd389516ad613) Importer(2089858483,0ecaa5967403d082aa24f35e1b516d23) Generated GUIDs only implemented for interfaces!
 -> (artifact id: 'c2e5e278c9ee749c8e38b501b0990d75') in 0.007761 seconds
Number of updated asset objects reloaded before import = 0
Number of asset objects unloaded after import = 1
========================================================================
Received Import Request.
  Time since last request: 0.000037 seconds.
  path: Assets/Behavior Designer/Runtime/Tasks/Unity/SphereCollider/GetRadius.cs
  artifactKey: Guid(2ff93bf538eee1444b3c51aadfc9bb7f) Importer(2089858483,0ecaa5967403d082aa24f35e1b516d23)
Start importing Assets/Behavior Designer/Runtime/Tasks/Unity/SphereCollider/GetRadius.cs using Guid(2ff93bf538eee1444b3c51aadfc9bb7f) Importer(2089858483,0ecaa5967403d082aa24f35e1b516d23) Generated GUIDs only implemented for interfaces!
 -> (artifact id: 'b1bd3bc806fd3ecf62f0717d23687d55') in 0.006378 seconds
Number of updated asset objects reloaded before import = 0
Number of asset objects unloaded after import = 1
========================================================================
Received Import Request.
  Time since last request: 0.000019 seconds.
  path: Assets/Behavior Designer/Runtime/Tasks/Unity/Transform/LookAt.cs
  artifactKey: Guid(64883614392671f438244b3aa5b91c6c) Importer(2089858483,0ecaa5967403d082aa24f35e1b516d23)
Start importing Assets/Behavior Designer/Runtime/Tasks/Unity/Transform/LookAt.cs using Guid(64883614392671f438244b3aa5b91c6c) Importer(2089858483,0ecaa5967403d082aa24f35e1b516d23) Generated GUIDs only implemented for interfaces!
 -> (artifact id: '128d9957e46bbc679cdf55f31f170142') in 0.006770 seconds
Number of updated asset objects reloaded before import = 0
Number of asset objects unloaded after import = 1
========================================================================
Received Import Request.
  Time since last request: 0.000019 seconds.
  path: Assets/Behavior Designer/Runtime/Tasks/Unity/SharedVariables/CompareSharedObjectList.cs
  artifactKey: Guid(ac4cab9acc737904885d379388e83950) Importer(2089858483,0ecaa5967403d082aa24f35e1b516d23)
Start importing Assets/Behavior Designer/Runtime/Tasks/Unity/SharedVariables/CompareSharedObjectList.cs using Guid(ac4cab9acc737904885d379388e83950) Importer(2089858483,0ecaa5967403d082aa24f35e1b516d23) Generated GUIDs only implemented for interfaces!
 -> (artifact id: 'bba21d8b080b815071599df5e3bf886f') in 0.008062 seconds
Number of updated asset objects reloaded before import = 0
Number of asset objects unloaded after import = 1
========================================================================
Received Import Request.
  Time since last request: 0.000019 seconds.
  path: Assets/Behavior Designer/Runtime/Tasks/Unity/SharedVariables/CompareSharedFloat.cs
  artifactKey: Guid(6925a99e92b6d804db1f4b607e7501d3) Importer(2089858483,0ecaa5967403d082aa24f35e1b516d23)
Start importing Assets/Behavior Designer/Runtime/Tasks/Unity/SharedVariables/CompareSharedFloat.cs using Guid(6925a99e92b6d804db1f4b607e7501d3) Importer(2089858483,0ecaa5967403d082aa24f35e1b516d23) Generated GUIDs only implemented for interfaces!
 -> (artifact id: '0b8c210985cee825ae78f94113bb10d4') in 0.007032 seconds
Number of updated asset objects reloaded before import = 0
Number of asset objects unloaded after import = 1
========================================================================
Received Import Request.
  Time since last request: 0.000019 seconds.
  path: Assets/Behavior Designer/Runtime/Tasks/Unity/SharedVariables/CompareSharedQuaternion.cs
  artifactKey: Guid(101b2ac215bf58149ab91be3b55d5145) Importer(2089858483,0ecaa5967403d082aa24f35e1b516d23)
Start importing Assets/Behavior Designer/Runtime/Tasks/Unity/SharedVariables/CompareSharedQuaternion.cs using Guid(101b2ac215bf58149ab91be3b55d5145) Importer(2089858483,0ecaa5967403d082aa24f35e1b516d23) Generated GUIDs only implemented for interfaces!
 -> (artifact id: '5f5d12eb88eff66d9e48df89c3d85b91') in 0.006887 seconds
Number of updated asset objects reloaded before import = 0
Number of asset objects unloaded after import = 1
========================================================================
Received Import Request.
  Time since last request: 0.000021 seconds.
  path: Assets/Behavior Designer/Runtime/Tasks/Unity/Transform/GetParent.cs
  artifactKey: Guid(f149245d8fce789498c301657a7eaf88) Importer(2089858483,0ecaa5967403d082aa24f35e1b516d23)
Start importing Assets/Behavior Designer/Runtime/Tasks/Unity/Transform/GetParent.cs using Guid(f149245d8fce789498c301657a7eaf88) Importer(2089858483,0ecaa5967403d082aa24f35e1b516d23) Generated GUIDs only implemented for interfaces!
 -> (artifact id: '44cb4ff52ad81dce1e0f5e142e4dbdd3') in 0.008084 seconds
Number of updated asset objects reloaded before import = 0
Number of asset objects unloaded after import = 1
========================================================================
Received Import Request.
  Time since last request: 0.300278 seconds.
  path: Assets/Behavior Designer/Runtime/Tasks/Unity/Vector2/Normalize.cs
  artifactKey: Guid(ed5b59611a512984f9755c358afc67d8) Importer(2089858483,0ecaa5967403d082aa24f35e1b516d23)
Start importing Assets/Behavior Designer/Runtime/Tasks/Unity/Vector2/Normalize.cs using Guid(ed5b59611a512984f9755c358afc67d8) Importer(2089858483,0ecaa5967403d082aa24f35e1b516d23) Generated GUIDs only implemented for interfaces!
 -> (artifact id: '5fd63ae45b4642b9b2ee54ff3fff46ec') in 0.007380 seconds
Number of updated asset objects reloaded before import = 0
Number of asset objects unloaded after import = 1
========================================================================
Received Import Request.
  Time since last request: 0.000018 seconds.
  path: Assets/Behavior Designer/Runtime/Tasks/Unity/Vector3/ClampMagnitude.cs
  artifactKey: Guid(e3d2efd14a9499b47a17ea16bf45512f) Importer(2089858483,0ecaa5967403d082aa24f35e1b516d23)
Start importing Assets/Behavior Designer/Runtime/Tasks/Unity/Vector3/ClampMagnitude.cs using Guid(e3d2efd14a9499b47a17ea16bf45512f) Importer(2089858483,0ecaa5967403d082aa24f35e1b516d23) Generated GUIDs only implemented for interfaces!
 -> (artifact id: '0dc05db4d382081f321e5017790bc132') in 0.006497 seconds
Number of updated asset objects reloaded before import = 0
Number of asset objects unloaded after import = 1
========================================================================
Received Import Request.
  Time since last request: 0.000019 seconds.
  path: Assets/Behavior Designer/Runtime/Tasks/Unity/Vector3/GetSqrMagnitude.cs
  artifactKey: Guid(fb704714eacb92948bd59ddd38865b59) Importer(2089858483,0ecaa5967403d082aa24f35e1b516d23)
Start importing Assets/Behavior Designer/Runtime/Tasks/Unity/Vector3/GetSqrMagnitude.cs using Guid(fb704714eacb92948bd59ddd38865b59) Importer(2089858483,0ecaa5967403d082aa24f35e1b516d23) Generated GUIDs only implemented for interfaces!
 -> (artifact id: 'c13097d5d0133a16b090646f77c20191') in 0.007229 seconds
Number of updated asset objects reloaded before import = 0
Number of asset objects unloaded after import = 1
========================================================================
Received Import Request.
  Time since last request: 0.000021 seconds.
  path: Assets/Behavior Designer/Runtime/Tasks/Unity/Vector3/RotateTowards.cs
  artifactKey: Guid(55175ed9420ee88429fbb91a9b433b9c) Importer(2089858483,0ecaa5967403d082aa24f35e1b516d23)
Start importing Assets/Behavior Designer/Runtime/Tasks/Unity/Vector3/RotateTowards.cs using Guid(55175ed9420ee88429fbb91a9b433b9c) Importer(2089858483,0ecaa5967403d082aa24f35e1b516d23) Generated GUIDs only implemented for interfaces!
 -> (artifact id: '133fe815f80a02984735ca75ab0ea501') in 0.007371 seconds
Number of updated asset objects reloaded before import = 0
Number of asset objects unloaded after import = 1
========================================================================
Received Prepare
Begin MonoManager ReloadAssembly
- Loaded All Assemblies, in  0.728 seconds
Refreshing native plugins compatible for Editor in 7.41 ms, found 3 plugins.
Native extension for WindowsStandalone target not found
[Package Manager] Server::EnsureServerProcessIsRunning -- launch failed, reason: Unity was launched with the -noUpm command-line argument
[Package Manager] UpmClient::Send -- Unable to send message (not connected to UPM process).
[Package Manager] Cannot connect to Unity Package Manager local server
Mono: successfully reloaded assembly
- Finished resetting the current domain, in  1.625 seconds
Domain Reload Profiling: 2348ms
	BeginReloadAssembly (255ms)
		ExecutionOrderSort (0ms)
		DisableScriptedObjects (7ms)
		BackupInstance (0ms)
		ReleaseScriptingObjects (0ms)
		CreateAndSetChildDomain (60ms)
	RebuildCommonClasses (59ms)
	RebuildNativeTypeToScriptingClass (22ms)
	initialDomainReloadingComplete (48ms)
	LoadAllAssembliesAndSetupDomain (338ms)
		LoadAssemblies (468ms)
		RebuildTransferFunctionScriptingTraits (0ms)
		AnalyzeDomain (17ms)
			TypeCache.Refresh (8ms)
				TypeCache.ScanAssembly (0ms)
			ScanForSourceGeneratedMonoScriptInfo (0ms)
			ResolveRequiredComponents (7ms)
	FinalizeReload (1625ms)
		ReleaseScriptCaches (0ms)
		RebuildScriptCaches (0ms)
		SetupLoadedEditorAssemblies (619ms)
			LogAssemblyErrors (0ms)
			InitializePlatformSupportModulesInManaged (13ms)
			SetLoadedEditorAssemblies (8ms)
			RefreshPlugins (0ms)
			BeforeProcessingInitializeOnLoad (109ms)
			ProcessInitializeOnLoadAttributes (445ms)
			ProcessInitializeOnLoadMethodAttributes (28ms)
			AfterProcessingInitializeOnLoad (15ms)
			EditorAssembliesLoaded (0ms)
		ExecutionOrderSort2 (0ms)
		AwakeInstancesAfterBackupRestoration (17ms)
Refreshing native plugins compatible for Editor in 12.29 ms, found 3 plugins.
Preloading 0 native plugins for Editor in 0.00 ms.
Unloading 3665 Unused Serialized files (Serialized files now loaded: 0)
Unloading 26 unused Assets / (31.8 KB). Loaded Objects now: 4178.
Memory consumption went from 136.4 MB to 136.4 MB.
Total: 3.988300 ms (FindLiveObjects: 0.404700 ms CreateObjectMapping: 0.286000 ms MarkObjects: 3.226200 ms  DeleteObjects: 0.070300 ms)

Prepare: number of updated asset objects reloaded= 0
AssetImportParameters requested are different than current active one (requested -> active):
  custom:container-demuxer-ogg: 62fdf1f143b41e24485cea50d1cbac27 -> 
  custom:video-decoder-ogg-theora: a1e56fd34408186e4bbccfd4996cb3dc -> 
  custom:framework-win-MediaFoundation: 216162199b28c13a410421893ffa2e32 -> 
  custom:CustomObjectIndexerAttribute: 6d391050e5a25f67b0a2c618074f2cd9 -> 
  custom:container-demuxer-webm: 4f35f7cbe854078d1ac9338744f61a02 -> 
  custom:container-muxer-webm: aa71ff27fc2769a1b78a27578f13a17b -> 
  custom:video-decoder-webm-vp8: 9c59270c3fd7afecdb556c50c9e8de78 -> 
  custom:SearchIndexIgnoredProperties: e643bd26f0fe6173181afceb89e7c659 -> 
  custom:AudioImporter_EditorPlatform: d09bf68614088b80899f8185d706f6e7 -> 
  custom:video-encoder-webm-vp8: eb34c28f22e8b96e1ab97ce403110664 -> 
  custom:audio-decoder-ogg-vorbis: bf7c407c2cedff20999df2af8eb42d56 -> 
  custom:audio-encoder-webm-vorbis: bf7c407c2cedff20999df2af8eb42d56 -> 
Editor requested this worker to shutdown with reason: Scaling down because of idle timeout
TcpMessagingSession - receive error: operation aborted. errorcode: 995, details: The I/O operation has been aborted because of either a thread exit or an application request.
AssetImportWorker is now disconnected from the server
Process exiting
Exiting without the bug reporter. Application will terminate with return code 0